2016-01-28 15:48:09,356 INFO 
#################################################
#################################################
Exchange Bitfinex info:
ltc-usd:	53.0001 | 3.078 : 3.1111 | 31.43744957 - 2016-01-28 15:48:07.832613
btc-usd:	0.1476 | 380.5 : 380.51 | 4.3052 - 2016-01-28 15:48:09.047464
ltc-btc:	12.0 | 0.008098 : 0.008169 | 80.65 - 2016-01-28 15:48:09.032455
--------------------
Exchange Bittrex info:
ppc-btc:	7.78034008 | 0.00115007 : 0.00116246 | 23.35726909 - 2016-01-28 15:48:04.623481
dtc-btc:	24.34666454 | 4.827e-05 : 5.336e-05 | 97.0718816 - 2016-01-28 15:48:04.839677
burst-btc:	284818.5475 | 1.5e-07 : 1.6e-07 | 189602.37436462 - 2016-01-28 15:48:04.373293
net-btc:	87849.89838333 | 6.3e-07 : 6.4e-07 | 10000.0 - 2016-01-28 15:48:04.432322
rby-btc:	150.02484219 | 0.00027098 : 0.000271 | 1349.09990721 - 2016-01-28 15:48:05.106085
arch-btc:	2617.79526926 | 6.03e-06 : 6.31e-06 | 2791.35748046 - 2016-01-28 15:48:05.756913
uro-btc:	68.94641896 | 2.421e-05 : 2.637e-05 | 147.63789799 - 2016-01-28 15:48:04.355268
mec-btc:	13.16468 | 6.45e-05 : 6.453e-05 | 63.50000001 - 2016-01-28 15:48:04.384289
xdn-btc:	11827.21183123 | 2.2e-07 : 2.5e-07 | 46064.49592556 - 2016-01-28 15:48:08.365769
maryj-btc:	2015.11335012 | 3.97e-06 : 4.15e-06 | 59.12408784 - 2016-01-28 15:48:04.280215
myr-btc:	421958.99435165 | 1.3e-07 : 1.5e-07 | 3767.91727511 - 2016-01-28 15:48:04.374281
cure-btc:	173.66211111 | 1.89e-05 : 1.92e-05 | 1.82853462 - 2016-01-28 15:48:04.358270
dgc-btc:	1136.55785334 | 5.851e-05 : 6.455e-05 | 72.03114324 - 2016-01-28 15:48:04.230138
via-btc:	27.212658 | 9.88e-06 : 9.9e-06 | 949.85291854 - 2016-01-28 15:48:04.627483
orb-btc:	9.89135135 | 7.102e-05 : 8.284e-05 | 91.58252723 - 2016-01-28 15:48:04.314239
aur-btc:	10.95247286 | 9.191e-05 : 9.341e-05 | 6.96771883 - 2016-01-28 15:48:04.244190
crypt-btc:	0.49698714 | 1.886e-05 : 1.889e-05 | 1144.27024461 - 2016-01-28 15:48:04.371280
pxi-btc:	3287.19300481 | 3.8e-06 : 3.82e-06 | 3013.88605062 - 2016-01-28 15:48:04.376297
ftc-btc:	2000.0 | 1.003e-05 : 1.024e-05 | 995.54653526 - 2016-01-28 15:48:04.415310
doge-btc:	7846947.39 | 1.01e-06 : 1.02e-06 | 1e-08 - 2016-01-28 15:48:08.468853
utc-btc:	3960.78433333 | 2.25e-06 : 2.64e-06 | 868.72147736 - 2016-01-28 15:48:04.284218
ccn-btc:	168.5661245 | 4.005e-05 : 5.993e-05 | 173.60625973 - 2016-01-28 15:48:04.298228
rdd-btc:	5284.8348875 | 6e-08 : 7e-08 | 176398083.17378512 - 2016-01-28 15:48:04.854687
sdc-btc:	20.39545952 | 0.00024583 : 0.0002553 | 24.72275532 - 2016-01-28 15:48:04.363274
max-btc:	45.93353148 | 3.701e-05 : 3.89e-05 | 415.93948998 - 2016-01-28 15:48:04.844682
fibre-btc:	325.34230308 | 6.132e-05 : 7.798e-05 | 20.35011872 - 2016-01-28 15:48:04.333252
btcd-btc:	4.65030145 | 0.00220004 : 0.00239543 | 7.75347684 - 2016-01-28 15:48:06.195796
neos-btc:	666.30976381 | 2.46e-06 : 2.56e-06 | 842.38244832 - 2016-01-28 15:48:04.443331
xmr-btc:	106.04336925 | 0.00148084 : 0.00155414 | 77.7 - 2016-01-28 15:48:08.916123
ltc-btc:	1.78363207 | 0.00808881 : 0.0081 | 0.92914325 - 2016-01-28 15:48:05.247256
pot-btc:	8361.66666667 | 1.26e-06 : 1.38e-06 | 477.52953462 - 2016-01-28 15:48:04.367277
vtc-btc:	850.0 | 0.00017 : 0.00018405 | 60.92275968 - 2016-01-28 15:48:04.436326
bbr-btc:	285.53285278 | 2.207e-05 : 2.486e-05 | 145.12471655 - 2016-01-28 15:48:04.362273
nav-btc:	982.33190666 | 6.31e-06 : 7.14e-06 | 10000.0 - 2016-01-28 15:48:04.391293
ssd-btc:	5900.0 | 2.17e-06 : 2.52e-06 | 1051.50577042 - 2016-01-28 15:48:04.248192
naut-btc:	125.6087232 | 0.00011644 : 0.00011646 | 8.5866392 - 2016-01-28 15:48:08.895078
bits-btc:	2725.28262458 | 5.03e-06 : 7e-06 | 335.3801 - 2016-01-28 15:48:04.954758
xcp-btc:	2.6991648 | 0.00180275 : 0.002 | 2.0 - 2016-01-28 15:48:04.651521
vrc-btc:	21.9140344 | 0.00011506 : 0.00012103 | 18.89214244 - 2016-01-28 15:48:05.056856
nxt-btc:	3584.077749 | 2.5e-05 : 2.553e-05 | 31.21732452 - 2016-01-28 15:48:07.100062
qtl-btc:	34.08028 | 3.121e-05 : 3.265e-05 | 153.111 - 2016-01-28 15:48:04.430322
xst-btc:	947.22427795 | 7.54e-06 : 7.88e-06 | 84.83327305 - 2016-01-28 15:48:04.434325
cloak-btc:	6.18658748 | 0.00016164 : 0.00017 | 150.0 - 2016-01-28 15:48:05.707859
xc-btc:	207.4205542 | 4.169e-05 : 5.54e-05 | 415.27872658 - 2016-01-28 15:48:04.365275
sfr-btc:	8510.63829787 | 9.4e-07 : 1.2e-06 | 461.07793139 - 2016-01-28 15:48:04.978775
nbt-btc:	0.19578333 | 0.00262298 : 0.00262837 | 0.53630441 - 2016-01-28 15:48:04.810656
--------------------
Exchange BTC-e info:
eur-usd:	15.2 | 1.07866 : 1.08435 | 31.45551659 - 2016-01-28 15:48:08.093823
nmc-btc:	2565.18659932 | 0.00106 : 0.00108 | 293.93106884 - 2016-01-28 15:48:05.240251
ltc-btc:	240.70772848 | 0.00811 : 0.00812 | 0.14635157 - 2016-01-28 15:48:07.785544
ltc-eur:	2.68615 | 2.884 : 2.909 | 15.49586777 - 2016-01-28 15:48:08.665738
nvc-btc:	503.0861899 | 0.0019 : 0.00193 | 831.6800784 - 2016-01-28 15:48:08.084771
btc-eur:	0.2004008 | 353.21 : 355.99 | 0.097 - 2016-01-28 15:48:08.585290
ppc-btc:	50.19374549 | 0.00116 : 0.00117 | 1996.77444051 - 2016-01-28 15:48:09.285987
nmc-usd:	3.67912609 | 0.414 : 0.417 | 410.0 - 2016-01-28 15:48:06.341238
ltc-usd:	359.76118626 | 3.125 : 3.138357 | 19.582 - 2016-01-28 15:48:08.589294
btc-usd:	0.99000003 | 384.62 : 385.398 | 0.04 - 2016-01-28 15:48:09.334051
ppc-usd:	0.18445942 | 0.446 : 0.447 | 3.33879376 - 2016-01-28 15:48:06.337234
--------------------
Exchange Bter info:
flt-btc:	None | None : None | None - None
xcn-btc:	None | None : None | None - None
xch-btc:	None | None : None | None - None
mmc-btc:	None | None : None | None - None
ppc-btc:	None | None : None | None - None
dtc-btc:	None | None : None | None - None
nas-btc:	None | None : None | None - None
drkc-btc:	None | None : None | None - None
c2-btc:	None | None : None | None - None
mec-btc:	None | None : None | None - None
arch-btc:	None | None : None | None - None
wdc-btc:	None | None : None | None - None
ntx-btc:	None | None : None | None - None
btc-usd:	None | None : None | None - None
rox-btc:	None | None : None | None - None
btcd-btc:	None | None : None | None - None
zet-btc:	None | None : None | None - None
vrc-btc:	None | None : None | None - None
max-btc:	None | None : None | None - None
nmc-btc:	None | None : None | None - None
aur-btc:	None | None : None | None - None
pts-btc:	None | None : None | None - None
msc-btc:	None | None : None | None - None
ghost-btc:	None | None : None | None - None
spark-btc:	None | None : None | None - None
xmr-btc:	None | None : None | None - None
ifc-ltc:	None | None : None | None - None
ltc-btc:	None | None : None | None - None
vtc-btc:	None | None : None | None - None
xcr-btc:	None | None : None | None - None
dgc-btc:	None | None : None | None - None
bbr-btc:	None | None : None | None - None
via-btc:	None | None : None | None - None
nav-btc:	None | None : None | None - None
xc-btc:	None | None : None | None - None
xcp-btc:	None | None : None | None - None
xpm-btc:	None | None : None | None - None
nbt-btc:	None | None : None | None - None
dns-btc:	None | None : None | None - None
red-ltc:	None | None : None | None - None
nxt-btc:	None | None : None | None - None
gml-btc:	None | None : None | None - None
net-btc:	None | None : None | None - None
cmc-btc:	None | None : None | None - None
bqc-btc:	None | None : None | None - None
qora-btc:	None | None : None | None - None
unity-btc:	None | None : None | None - None
ftc-btc:	None | None : None | None - None
qrk-btc:	None | None : None | None - None
ckc-btc:	None | None : None | None - None
doge-usd:	None | None : None | None - None
nxt-usd:	None | None : None | None - None
sfr-btc:	None | None : None | None - None
frsh-btc:	None | None : None | None - None
mint-btc:	None | None : None | None - None
ltc-usd:	None | None : None | None - None
doge-btc:	None | None : None | None - None
--------------------
Exchange Coins-E info:
flt-btc:	100.0 | 3e-08 : None | None - 2016-01-28 15:48:04.651521
voot-btc:	None | None : None | None - 2016-01-28 15:48:04.683544
bc-btc:	305.0 | 3.054e-05 : 0.0010025 | 50.0 - 2016-01-28 15:48:04.669538
cloak-btc:	None | None : None | None - 2016-01-28 15:48:04.695552
ppc-btc:	8.56535915 | 0.00020243 : 0.0018 | 79.14247591 - 2016-01-28 15:48:05.156155
ifc-ltc:	196418.0 | 1.21e-06 : 1.89e-06 | 845497.37037038 - 2016-01-28 15:48:04.673537
dtc-btc:	70.0 | 1.022e-05 : 0.000135 | 25.0 - 2016-01-28 15:48:05.147148
ripo-btc:	None | None : 5e-07 | 0.1997 - 2016-01-28 15:48:05.156155
qrk-btc:	23000.0 | 3e-08 : 9.4e-06 | 47706.423 - 2016-01-28 15:48:04.703558
ltc-btc:	0.05381288 | 0.0077 : 0.01399989 | 0.36779785 - 2016-01-28 15:48:04.694552
cgb-btc:	100.0 | 5.5e-07 : 0.001 | 2009.98 - 2016-01-28 15:48:05.686843
acoin-btc:	897.7934068 | 3e-08 : 3.9e-05 | 0.10394166 - 2016-01-28 15:48:04.728576
mec-btc:	199.9369868 | 5.01e-06 : 0.00015999 | 0.06291868 - 2016-01-28 15:48:04.725573
wdc-btc:	8953.02989959 | 1.27e-05 : 2e-05 | 248.5002 - 2016-01-28 15:48:04.716567
orb-btc:	30.0 | 5.909e-05 : 6e-05 | 1.0118396 - 2016-01-28 15:48:04.695552
rox-btc:	None | None : None | None - 2016-01-28 15:48:04.693551
neos-btc:	None | None : 2.4e-05 | 0.65372202 - 2016-01-28 15:48:04.702558
xpm-btc:	11.39122667 | 0.00017204 : 0.0002 | 208.48057368 - 2016-01-28 15:48:04.730590
xcash-btc:	22.16666666 | 3e-08 : None | None - 2016-01-28 15:48:04.680543
vrc-btc:	159.65486335 | 3.2e-05 : None | None - 2016-01-28 15:48:04.715567
trc-btc:	10000.0 | 4.2e-06 : 1e-05 | 0.00230844 - 2016-01-28 15:48:05.142145
maryj-btc:	100.0 | 4.21e-06 : 5.3e-06 | 124.65515875 - 2016-01-28 15:48:05.169195
pts-btc:	150.0 | 0.00012 : 0.0122 | 0.00495755 - 2016-01-28 15:48:04.661541
xbot-btc:	2.0 | 3e-08 : None | None - 2016-01-28 15:48:04.716567
tech-btc:	2000.0 | 5e-08 : None | None - 2016-01-28 15:48:04.727575
min-btc:	10000.0 | 1e-06 : None | None - 2016-01-28 15:48:05.701854
glyph-btc:	10.0 | 2.001e-05 : None | None - 2016-01-28 15:48:05.686843
fire-btc:	None | None : None | None - 2016-01-28 15:48:04.691550
max-btc:	1111.626132 | 1e-05 : 4e-05 | 625.55 - 2016-01-28 15:48:04.827682
anc-btc:	125.17678527 | 0.00065 : 0.0008 | 99.85 - 2016-01-28 15:48:05.700854
zet-btc:	0.96575717 | 3.51e-06 : 6e-06 | 684.55672964 - 2016-01-28 15:48:04.685545
cinni-btc:	0.0165 | 1e-05 : None | None - 2016-01-28 15:48:04.727575
xc-btc:	None | None : None | None - 2016-01-28 15:48:05.700854
naut-btc:	0.1 | 8.001e-05 : 0.00102334 | 5.0 - 2016-01-28 15:48:04.675539
red-ltc:	None | None : None | None - 2016-01-28 15:48:04.689548
aur-btc:	49.61266352 | 5e-05 : 8e-05 | 10.0 - 2016-01-28 15:48:04.807654
crypt-btc:	9997.5 | 2e-08 : None | None - 2016-01-28 15:48:04.709563
vault-btc:	None | None : 1.03 | 5e-05 - 2016-01-28 15:48:05.703855
net-btc:	None | None : 2.28e-06 | 557.82646645 - 2016-01-28 15:48:05.146151
cmc-btc:	None | None : None | None - 2016-01-28 15:48:05.690847
bqc-btc:	None | None : 5.9e-06 | 2096.48964561 - 2016-01-28 15:48:05.713862
hal-btc:	None | None : 1.1e-05 | 0.009985 - 2016-01-28 15:48:04.685545
dgc-btc:	None | None : 2.899e-05 | 585.121 - 2016-01-28 15:48:05.141144
drk-btc:	0.011 | 0.0075 : 0.01 | 5.04494 - 2016-01-28 15:48:04.710564
bsy-btc:	None | None : 8e-05 | 1000.0 - 2016-01-28 15:48:04.809656
ppc-xpm:	22.92983941 | 1.96418002 : 5.14229 | 51.4229 - 2016-01-28 15:48:04.809656
doge-ltc:	1611.5014 | 2.41e-05 : 7.9e-05 | 5000.0 - 2016-01-28 15:48:04.710564
tac-btc:	32000.0 | 6e-08 : 4.44 | 0.05433103 - 2016-01-28 15:48:05.148149
nvc-btc:	1.886881 | 0.00015002 : 0.00275 | 41.64793175 - 2016-01-28 15:48:04.808655
burn-btc:	410.0 | 2.99e-05 : None | None - 2016-01-28 15:48:04.811657
rzr-btc:	512.0 | 4.01e-06 : 1.453e-05 | 130.64760725 - 2016-01-28 15:48:04.801650
ftc-btc:	25000.0 | 2e-06 : 1.5e-05 | 2285.49898505 - 2016-01-28 15:48:04.820679
carbon-btc:	None | None : 2e-08 | 928156.0 - 2016-01-28 15:48:04.726574
doge-btc:	11982.0 | 5e-07 : 9e-07 | 5415.87820174 - 2016-01-28 15:48:04.717568
bc-drk:	None | None : None | None - None
--------------------
Exchange HitBTC info:
btc-eur:	0.34 | 362.85 : 365.97 | 0.19 - 2016-01-28 15:48:07.974044
bcn-btc:	99300.0 | 8.2e-08 : 8.3e-08 | 586200.0 - 2016-01-28 15:48:05.186207
btc-usd:	0.01 | 393.1 : 395.01 | 0.25 - 2016-01-28 15:48:08.028557
doge-btc:	14000.0 | 9.23e-07 : 1.014e-06 | 2000.0 - 2016-01-28 15:48:08.262395
--------------------
Exchange Kraken info:
--------------------
Exchange OKCoin info:
ltc-usd:	20.0 | 3.082 : 3.1 | 21.0 - 2016-01-28 15:48:08.007290
btc-usd:	25.0 | 380.86 : 381.01 | 0.063 - 2016-01-28 15:48:08.921127
--------------------
Exchange Poloniex info:
btc-doge:	None | None : None | None - None
btc-burst:	None | None : None | None - None
btc-nav:	None | None : None | None - None
btc-xc:	None | None : None | None - None
btc-rdd:	None | None : None | None - None
btc-ppc:	None | None : None | None - None
btc-nbt:	None | None : None | None - None
btc-vtc:	None | None : None | None - None
btc-xcp:	None | None : None | None - None
btc-xcr:	None | None : None | None - None
btc-cyc:	None | None : None | None - None
btc-arch:	None | None : None | None - None
btc-naut:	None | None : None | None - None
btc-qora:	None | None : None | None - None
btc-c2:	None | None : None | None - None
btc-xpm:	None | None : None | None - None
btc-xst:	None | None : None | None - None
btc-xmr:	None | None : None | None - None
btc-cure:	None | None : None | None - None
btc-bbr:	None | None : None | None - None
btc-sync:	None | None : None | None - None
btc-vrc:	None | None : None | None - None
btc-qtl:	None | None : None | None - None
btc-neos:	None | None : None | None - None
btc-nobl:	None | None : None | None - None
btc-uro:	None | None : None | None - None
btc-fibre:	None | None : None | None - None
btc-pts:	None | None : None | None - None
btc-mint:	None | None : None | None - None
btc-xdn:	None | None : None | None - None
btc-bits:	None | None : None | None - None
btc-btcd:	None | None : None | None - None
btc-unity:	None | None : None | None - None
btc-btm:	None | None : None | None - None
btc-bcn:	None | None : None | None - None
btc-flt:	None | None : None | None - None
btc-xch:	None | None : None | None - None
btc-mmc:	None | None : None | None - None
btc-nxt:	None | None : None | None - None
btc-via:	None | None : None | None - None
btc-str:	None | None : None | None - None
btc-nmc:	None | None : None | None - None
btc-myr:	None | None : None | None - None
btc-wdc:	None | None : None | None - None
btc-ltc:	None | None : None | None - None
btc-sdc:	None | None : None | None - None
btc-xcn:	None | None : None | None - None
btc-pot:	None | None : None | None - None
btc-rby:	None | None : None | None - None
--------------------
2016-01-28 15:49:17,531 INFO 
#################################################
#################################################
Exchange Bitfinex info:
ltc-usd:	53.0001 | 3.078 : 3.11 | 185.42 - 2016-01-28 15:49:16.408749
ltc-btc:	12.0 | 0.008098 : 0.008144 | 77.0 - 2016-01-28 15:49:17.173829
btc-usd:	0.0359 | 380.3 : 380.51 | 6.5039 - 2016-01-28 15:49:15.919910
--------------------
Exchange Bittrex info:
dgc-btc:	1101.50821894 | 5.901e-05 : 6.455e-05 | 72.0750831 - 2016-01-28 15:49:12.893304
rby-btc:	150.02484219 | 0.00027098 : 0.000271 | 1349.09990721 - 2016-01-28 15:49:07.780766
sdc-btc:	20.39545952 | 0.00024583 : 0.0002553 | 24.72275532 - 2016-01-28 15:49:07.682589
qtl-btc:	34.08028 | 3.121e-05 : 3.265e-05 | 153.111 - 2016-01-28 15:49:07.740721
naut-btc:	124.34117973 | 0.00011645 : 0.00011646 | 17.1732784 - 2016-01-28 15:49:13.999735
sfr-btc:	8510.63829787 | 9.4e-07 : 1.2e-06 | 461.07793139 - 2016-01-28 15:49:07.643557
crypt-btc:	0.49698714 | 1.886e-05 : 1.889e-05 | 1144.27024461 - 2016-01-28 15:49:07.682589
neos-btc:	666.30976381 | 2.46e-06 : 2.56e-06 | 842.38244832 - 2016-01-28 15:49:07.827827
vtc-btc:	850.0 | 0.00017 : 0.00018405 | 60.92275968 - 2016-01-28 15:49:07.691596
bits-btc:	2724.86248408 | 5.03e-06 : 7e-06 | 335.3801 - 2016-01-28 15:49:07.614545
orb-btc:	9.88117096 | 7.102e-05 : 8.284e-05 | 91.58252723 - 2016-01-28 15:49:07.627545
ssd-btc:	5900.0 | 2.17e-06 : 2.52e-06 | 3295.63439946 - 2016-01-28 15:49:13.282633
mec-btc:	13.16468 | 6.45e-05 : 6.453e-05 | 63.50000001 - 2016-01-28 15:49:13.053470
xc-btc:	207.4205542 | 4.169e-05 : 5.539e-05 | 20.82899396 - 2016-01-28 15:49:07.732715
vrc-btc:	21.9140344 | 0.00011506 : 0.00012103 | 18.89214244 - 2016-01-28 15:49:08.991713
aur-btc:	10.93799465 | 9.191e-05 : 9.341e-05 | 6.96771883 - 2016-01-28 15:49:07.621541
maryj-btc:	2015.11335012 | 3.97e-06 : 4.15e-06 | 59.12408784 - 2016-01-28 15:49:07.683591
nbt-btc:	0.19550769 | 0.00262298 : 0.00262837 | 0.53630441 - 2016-01-28 15:49:07.653564
max-btc:	45.93353148 | 3.701e-05 : 3.89e-05 | 415.93948998 - 2016-01-28 15:49:13.227594
rdd-btc:	5284.8348875 | 6e-08 : 7e-08 | 176398083.17378512 - 2016-01-28 15:49:07.639554
net-btc:	87849.89838333 | 6.3e-07 : 6.4e-07 | 10000.0 - 2016-01-28 15:49:07.636552
myr-btc:	421958.99435165 | 1.3e-07 : 1.5e-07 | 3767.91727511 - 2016-01-28 15:49:07.657571
nav-btc:	982.33190666 | 6.31e-06 : 7.14e-06 | 10000.0 - 2016-01-28 15:49:07.701603
btcd-btc:	4.65030145 | 0.00220004 : 0.00239534 | 7.7111482 - 2016-01-28 15:49:13.369694
xmr-btc:	0.95888428 | 0.0015 : 0.00155323 | 85.46900502 - 2016-01-28 15:49:17.084749
fibre-btc:	325.34230308 | 6.132e-05 : 7.798e-05 | 20.35011872 - 2016-01-28 15:49:07.663576
cloak-btc:	9.27988121 | 0.00016164 : 0.00017 | 150.0 - 2016-01-28 15:49:07.686593
cure-btc:	173.66211111 | 1.89e-05 : 1.92e-05 | 1.82853462 - 2016-01-28 15:49:12.452608
ltc-btc:	19.83333 | 0.00808879 : 0.0081 | 0.92914325 - 2016-01-28 15:49:07.738721
uro-btc:	68.94641896 | 2.421e-05 : 2.637e-05 | 147.63789799 - 2016-01-28 15:49:07.772760
xdn-btc:	11827.21183123 | 2.2e-07 : 2.5e-07 | 46064.49592556 - 2016-01-28 15:49:07.662575
xst-btc:	947.22427795 | 7.54e-06 : 7.88e-06 | 85.17261667 - 2016-01-28 15:49:07.693598
utc-btc:	3960.78433333 | 2.25e-06 : 2.64e-06 | 868.72147736 - 2016-01-28 15:49:07.620540
nxt-btc:	3604.077749 | 2.5e-05 : 2.553e-05 | 31.21732452 - 2016-01-28 15:49:13.218590
pot-btc:	808.13560022 | 1.26e-06 : 1.4e-06 | 471.26590569 - 2016-01-28 15:49:13.408744
dtc-btc:	24.33045129 | 4.827e-05 : 5.342e-05 | 394.30449069 - 2016-01-28 15:49:13.206579
ppc-btc:	7.78034008 | 0.00115007 : 0.00116246 | 23.35726909 - 2016-01-28 15:49:07.661574
ftc-btc:	2000.0 | 1.003e-05 : 1.024e-05 | 995.54653526 - 2016-01-28 15:49:12.913318
via-btc:	27.212658 | 9.88e-06 : 9.9e-06 | 949.85291854 - 2016-01-28 15:49:08.340079
pxi-btc:	3287.19300481 | 3.8e-06 : 3.82e-06 | 3013.88605062 - 2016-01-28 15:49:07.642556
bbr-btc:	285.43709806 | 2.207e-05 : 2.486e-05 | 145.12471655 - 2016-01-28 15:49:07.659574
burst-btc:	284818.5475 | 1.5e-07 : 1.6e-07 | 189602.37436462 - 2016-01-28 15:49:07.678586
xcp-btc:	2.6991648 | 0.00180275 : 0.002 | 2.0 - 2016-01-28 15:49:07.652563
ccn-btc:	168.51335779 | 4.005e-05 : 5.993e-05 | 173.64152265 - 2016-01-28 15:49:07.698601
doge-btc:	1767.67676768 | 9.9e-07 : 1.01e-06 | 7208.77545522 - 2016-01-28 15:49:17.423349
arch-btc:	2617.79526926 | 6.03e-06 : 6.29e-06 | 1996.90423165 - 2016-01-28 15:49:12.451608
--------------------
Exchange BTC-e info:
btc-eur:	0.50185998 | 353.22001 : 355.99 | 0.097 - 2016-01-28 15:49:17.411342
nmc-usd:	3.67912609 | 0.414 : 0.418 | 54.16313777 - 2016-01-28 15:49:15.393864
btc-usd:	0.46751453 | 384.62 : 384.85 | 0.022072 - 2016-01-28 15:49:16.433790
ltc-eur:	2.68615 | 2.884 : 2.918 | 11.84564619 - 2016-01-28 15:49:16.477821
eur-usd:	15.2 | 1.07866 : 1.08434 | 0.1 - 2016-01-28 15:49:15.654167
nmc-btc:	3.6828089 | 0.00107 : 0.00108 | 53.93106884 - 2016-01-28 15:49:13.365691
ppc-usd:	0.18445942 | 0.446 : 0.447 | 3.33879376 - 2016-01-28 15:49:13.279632
ltc-btc:	240.70772848 | 0.00811 : 0.00814 | 0.3 - 2016-01-28 15:49:17.349308
ppc-btc:	50.19374549 | 0.00116 : 0.00117 | 1996.77444051 - 2016-01-28 15:49:13.522930
ltc-usd:	359.76118626 | 3.125 : 3.138357 | 19.582 - 2016-01-28 15:49:15.509030
nvc-btc:	503.0861899 | 0.0019 : 0.00191 | 291.72516454 - 2016-01-28 15:49:17.389325
--------------------
Exchange Coins-E info:
bc-drk:	None | None : None | None - None
xcash-btc:	22.16666666 | 3e-08 : None | None - 2016-01-28 15:49:08.093664
doge-ltc:	1611.5014 | 2.41e-05 : 7.9e-05 | 5000.0 - 2016-01-28 15:49:08.022521
max-btc:	1111.626132 | 1e-05 : 4e-05 | 625.55 - 2016-01-28 15:49:08.029526
carbon-btc:	None | None : 2e-08 | 928156.0 - 2016-01-28 15:49:08.016517
net-btc:	None | None : 2.28e-06 | 557.82646645 - 2016-01-28 15:49:08.107672
bc-btc:	305.0 | 3.054e-05 : 0.0010025 | 50.0 - 2016-01-28 15:49:09.698370
bsy-btc:	None | None : 8e-05 | 1000.0 - 2016-01-28 15:49:07.987509
red-ltc:	None | None : None | None - 2016-01-28 15:49:08.105671
naut-btc:	0.1 | 8.001e-05 : 0.00102334 | 5.0 - 2016-01-28 15:49:10.552110
cgb-btc:	100.0 | 5.5e-07 : 0.001 | 2009.98 - 2016-01-28 15:49:08.024522
cloak-btc:	None | None : None | None - 2016-01-28 15:49:09.710333
acoin-btc:	897.7934068 | 3e-08 : 3.9e-05 | 0.10394166 - 2016-01-28 15:49:08.096665
ltc-btc:	0.05381288 | 0.0077 : 0.01399989 | 0.36779785 - 2016-01-28 15:49:08.012514
rzr-btc:	512.0 | 4.01e-06 : 1.453e-05 | 130.64760725 - 2016-01-28 15:49:08.031528
fire-btc:	None | None : None | None - 2016-01-28 15:49:09.701327
tech-btc:	2000.0 | 5e-08 : None | None - 2016-01-28 15:49:08.032528
glyph-btc:	10.0 | 2.001e-05 : None | None - 2016-01-28 15:49:10.552110
crypt-btc:	9997.5 | 2e-08 : None | None - 2016-01-28 15:49:08.025523
neos-btc:	None | None : 2.4e-05 | 0.65372202 - 2016-01-28 15:49:09.701327
cmc-btc:	None | None : None | None - 2016-01-28 15:49:08.001506
bqc-btc:	None | None : 5.9e-06 | 2096.48964561 - 2016-01-28 15:49:11.129330
tac-btc:	32000.0 | 6e-08 : 4.44 | 0.05433103 - 2016-01-28 15:49:09.705330
qrk-btc:	23000.0 | 3e-08 : 9.4e-06 | 47706.423 - 2016-01-28 15:49:11.122325
vault-btc:	None | None : 1.03 | 5e-05 - 2016-01-28 15:49:08.010513
dtc-btc:	70.0 | 1.022e-05 : 0.000135 | 25.0 - 2016-01-28 15:49:08.004508
rox-btc:	None | None : None | None - 2016-01-28 15:49:09.711334
anc-btc:	125.17678527 | 0.00065 : 0.0008 | 99.85 - 2016-01-28 15:49:08.012514
drk-btc:	0.011 | 0.0075 : 0.01 | 5.04494 - 2016-01-28 15:49:08.015516
ppc-btc:	8.56535915 | 0.00020243 : 0.0018 | 79.14247591 - 2016-01-28 15:49:11.119323
ftc-btc:	25000.0 | 2e-06 : 1.5e-05 | 2285.49898505 - 2016-01-28 15:49:10.542104
burn-btc:	410.0 | 2.99e-05 : None | None - 2016-01-28 15:49:10.553110
doge-btc:	11982.0 | 5e-07 : 9e-07 | 5415.87820174 - 2016-01-28 15:49:10.545103
mec-btc:	199.9369868 | 5.01e-06 : 0.00015999 | 0.06291868 - 2016-01-28 15:49:11.951888
wdc-btc:	8953.02989959 | 1.27e-05 : 2e-05 | 248.5002 - 2016-01-28 15:49:08.101668
xpm-btc:	11.39122667 | 0.00017204 : 0.0002 | 208.48057368 - 2016-01-28 15:49:12.756022
zet-btc:	0.96575717 | 3.51e-06 : 6e-06 | 684.55672964 - 2016-01-28 15:49:08.098667
cinni-btc:	0.0165 | 1e-05 : None | None - 2016-01-28 15:49:11.953890
xc-btc:	None | None : None | None - 2016-01-28 15:49:11.123326
vrc-btc:	159.65486335 | 3.2e-05 : None | None - 2016-01-28 15:49:11.946885
pts-btc:	150.0 | 0.00012 : 0.0122 | 0.00495755 - 2016-01-28 15:49:09.707332
ifc-ltc:	196418.0 | 1.21e-06 : 1.89e-06 | 845497.37037038 - 2016-01-28 15:49:11.947886
flt-btc:	100.0 | 3e-08 : None | None - 2016-01-28 15:49:11.120324
dgc-btc:	None | None : 2.899e-05 | 585.121 - 2016-01-28 15:49:11.958897
min-btc:	10000.0 | 1e-06 : None | None - 2016-01-28 15:49:11.123326
aur-btc:	49.61266352 | 5e-05 : 8e-05 | 10.0 - 2016-01-28 15:49:08.098667
trc-btc:	10000.0 | 4.2e-06 : 1e-05 | 0.00230844 - 2016-01-28 15:49:10.550109
orb-btc:	30.0 | 5.909e-05 : 6e-05 | 1.0118396 - 2016-01-28 15:49:11.121324
ppc-xpm:	22.92983941 | 1.96418002 : 5.14229 | 51.4229 - 2016-01-28 15:49:11.117332
xbot-btc:	2.0 | 3e-08 : None | None - 2016-01-28 15:49:10.547145
nvc-btc:	1.886881 | 0.00015002 : 0.00275 | 41.64793175 - 2016-01-28 15:49:08.024522
voot-btc:	None | None : None | None - 2016-01-28 15:49:11.951888
maryj-btc:	100.0 | 4.21e-06 : 5.3e-06 | 124.65515875 - 2016-01-28 15:49:10.538098
ripo-btc:	None | None : 5e-07 | 0.1997 - 2016-01-28 15:49:11.958897
hal-btc:	None | None : 1.1e-05 | 0.009985 - 2016-01-28 15:49:08.092659
--------------------
Exchange HitBTC info:
doge-btc:	303000.0 | 9.4e-07 : 1.014e-06 | 2000.0 - 2016-01-28 15:49:14.910191
btc-eur:	0.34 | 362.85 : 364.98 | 0.01 - 2016-01-28 15:49:12.351472
btc-usd:	0.01 | 393.1 : 395.01 | 0.25 - 2016-01-28 15:49:16.293481
bcn-btc:	99300.0 | 8.2e-08 : 8.3e-08 | 586200.0 - 2016-01-28 15:49:08.530397
--------------------
Exchange Kraken info:
--------------------
Exchange OKCoin info:
ltc-usd:	20.0 | 3.082 : 3.099 | 303.0 - 2016-01-28 15:49:16.181301
btc-usd:	0.37 | 380.77 : 380.96 | 0.163 - 2016-01-28 15:49:17.378318
--------------------
Exchange Poloniex info:
btc-myr:	None | None : None | None - None
btc-xcr:	None | None : None | None - None
btc-nobl:	None | None : None | None - None
btc-vrc:	None | None : None | None - None
btc-pts:	None | None : None | None - None
btc-sdc:	None | None : None | None - None
btc-mmc:	None | None : None | None - None
btc-xst:	None | None : None | None - None
btc-ltc:	None | None : None | None - None
btc-rby:	None | None : None | None - None
btc-xpm:	None | None : None | None - None
btc-xcn:	None | None : None | None - None
btc-btcd:	None | None : None | None - None
btc-nxt:	None | None : None | None - None
btc-qtl:	None | None : None | None - None
btc-burst:	None | None : None | None - None
btc-doge:	None | None : None | None - None
btc-nmc:	None | None : None | None - None
btc-nav:	None | None : None | None - None
btc-uro:	None | None : None | None - None
btc-flt:	None | None : None | None - None
btc-rdd:	None | None : None | None - None
btc-bcn:	None | None : None | None - None
btc-wdc:	None | None : None | None - None
btc-xc:	None | None : None | None - None
btc-vtc:	None | None : None | None - None
btc-unity:	None | None : None | None - None
btc-qora:	None | None : None | None - None
btc-cyc:	None | None : None | None - None
btc-fibre:	None | None : None | None - None
btc-xch:	None | None : None | None - None
btc-bbr:	None | None : None | None - None
btc-sync:	None | None : None | None - None
btc-btm:	None | None : None | None - None
btc-bits:	None | None : None | None - None
btc-cure:	None | None : None | None - None
btc-neos:	None | None : None | None - None
btc-pot:	None | None : None | None - None
btc-xdn:	None | None : None | None - None
btc-xmr:	None | None : None | None - None
btc-via:	None | None : None | None - None
btc-arch:	None | None : None | None - None
btc-xcp:	None | None : None | None - None
btc-str:	None | None : None | None - None
btc-ppc:	None | None : None | None - None
btc-c2:	None | None : None | None - None
btc-mint:	None | None : None | None - None
btc-naut:	None | None : None | None - None
btc-nbt:	None | None : None | None - None
--------------------
2016-01-28 15:49:46,439 INFO 
Exchange OKCoin info:
ltc-usd:	20.0 | 3.082 : 3.099 | 303.0 - 2016-01-28 15:49:36.823349
btc-usd:	0.091 | 380.7 : 380.93 | 2.48 - 2016-01-28 15:49:46.326354
--------------------
2016-01-28 15:53:31,764 INFO 
#################################################
#################################################
Exchange Bitfinex info:
ltc-btc:	3.63 | 0.0081 : 0.008135 | 9.94417322 - 2016-01-28 15:53:30.392140
btc-usd:	6.5113 | 380.27 : 380.51 | 6.81456903 - 2016-01-28 15:53:30.425169
ltc-usd:	53.0001 | 3.078 : 3.1035 | 12.2388 - 2016-01-28 15:53:30.572846
--------------------
Exchange Bittrex info:
mec-btc:	13.16468 | 6.45e-05 : 6.453e-05 | 63.50000001 - 2016-01-28 15:53:31.032316
rdd-btc:	5284.8348875 | 6e-08 : 7e-08 | 176398083.17378512 - 2016-01-28 15:53:14.156114
maryj-btc:	2015.11335012 | 3.97e-06 : 4.15e-06 | 59.12408784 - 2016-01-28 15:52:50.726787
burst-btc:	284818.5475 | 1.5e-07 : 1.6e-07 | 189602.37436462 - 2016-01-28 15:52:34.816070
net-btc:	87849.89838333 | 6.3e-07 : 6.4e-07 | 10000.0 - 2016-01-28 15:52:34.682770
orb-btc:	7.02182141 | 7.103e-05 : 8.284e-05 | 91.58252723 - 2016-01-28 15:53:09.587542
ccn-btc:	168.21028433 | 4.005e-05 : 5.993e-05 | 173.84406048 - 2016-01-28 15:52:34.810055
sdc-btc:	20.39545952 | 0.00024583 : 0.0002553 | 24.72275532 - 2016-01-28 15:53:23.727932
naut-btc:	343.10800491 | 0.00011645 : 0.00011646 | 38.6398764 - 2016-01-28 15:53:31.515326
xc-btc:	207.36986322 | 4.169e-05 : 5.538e-05 | 415.27872658 - 2016-01-28 15:52:57.806121
btcd-btc:	4.65030145 | 0.00220004 : 0.00239503 | 29.45831886 - 2016-01-28 15:53:31.555507
doge-btc:	149326.71160611 | 1.03e-06 : 1.04e-06 | 130000.0 - 2016-01-28 15:53:30.625907
aur-btc:	10.85491776 | 9.191e-05 : 9.341e-05 | 6.96771883 - 2016-01-28 15:52:34.746967
uro-btc:	68.9140929 | 2.421e-05 : 2.637e-05 | 147.7627434 - 2016-01-28 15:52:34.754972
myr-btc:	421958.99435165 | 1.3e-07 : 1.5e-07 | 3767.91727511 - 2016-01-28 15:52:34.797048
pxi-btc:	3287.19300481 | 3.8e-06 : 3.82e-06 | 3013.88605062 - 2016-01-28 15:52:34.745967
pot-btc:	2425.72175378 | 1.27e-06 : 1.39e-06 | 475.36597315 - 2016-01-28 15:53:08.014636
bbr-btc:	284.94323201 | 2.207e-05 : 2.486e-05 | 145.12471655 - 2016-01-28 15:52:34.801049
dtc-btc:	24.26283108 | 4.827e-05 : 5.34e-05 | 97.0718816 - 2016-01-28 15:53:31.625604
neos-btc:	662.66493088 | 2.46e-06 : 2.56e-06 | 842.38244832 - 2016-01-28 15:52:57.729942
rby-btc:	150.02484219 | 0.00027098 : 0.000271 | 1349.09990721 - 2016-01-28 15:52:34.769982
cure-btc:	173.66211111 | 1.89e-05 : 1.92e-05 | 1.82853462 - 2016-01-28 15:52:34.709889
arch-btc:	2617.79526926 | 6.03e-06 : 6.29e-06 | 2793.88356392 - 2016-01-28 15:53:19.627308
fibre-btc:	325.34230308 | 6.132e-05 : 7.798e-05 | 20.35011872 - 2016-01-28 15:52:34.667761
ftc-btc:	2000.0 | 1.003e-05 : 1.024e-05 | 995.54653526 - 2016-01-28 15:52:34.842079
cloak-btc:	786.78188536 | 0.00016165 : 0.00017 | 150.0 - 2016-01-28 15:52:34.686796
qtl-btc:	34.08028 | 3.121e-05 : 3.265e-05 | 153.111 - 2016-01-28 15:53:15.685115
nxt-btc:	3604.077749 | 2.5e-05 : 2.553e-05 | 31.56853051 - 2016-01-28 15:53:15.090881
xdn-btc:	11817.60589153 | 2.2e-07 : 2.5e-07 | 46064.49592556 - 2016-01-28 15:52:35.156990
xcp-btc:	2.6991648 | 0.00180275 : 0.00199999 | 9.31 - 2016-01-28 15:53:31.509264
via-btc:	27.212658 | 9.88e-06 : 9.9e-06 | 949.85291854 - 2016-01-28 15:52:34.806053
bits-btc:	2722.44934448 | 5.03e-06 : 7e-06 | 335.3801 - 2016-01-28 15:52:34.750971
crypt-btc:	0.49698714 | 1.886e-05 : 1.889e-05 | 1144.27024461 - 2016-01-28 15:52:34.670762
ltc-btc:	21.61828687 | 0.0080883 : 0.0081 | 0.92914325 - 2016-01-28 15:53:25.879350
vtc-btc:	650.0 | 0.00017 : 0.00018405 | 60.92275968 - 2016-01-28 15:53:24.922849
xmr-btc:	106.03973965 | 0.0014809 : 0.00155032 | 77.7 - 2016-01-28 15:53:31.343890
ssd-btc:	9236.0603125 | 2.16e-06 : 2.52e-06 | 1052.03382312 - 2016-01-28 15:53:23.204547
sfr-btc:	8510.63829787 | 9.4e-07 : 1.2e-06 | 461.07793139 - 2016-01-28 15:52:34.666759
dgc-btc:	1100.65535203 | 5.951e-05 : 6.455e-05 | 72.26312481 - 2016-01-28 15:53:31.023282
max-btc:	45.93353148 | 3.701e-05 : 3.89e-05 | 416.27401261 - 2016-01-28 15:53:22.779816
ppc-btc:	553.59843379 | 0.001163 : 0.00117133 | 0.85292114 - 2016-01-28 15:53:31.751821
nbt-btc:	0.19503553 | 0.00262298 : 0.00262837 | 0.53630441 - 2016-01-28 15:52:34.643743
utc-btc:	3960.78433333 | 2.25e-06 : 2.64e-06 | 868.72147736 - 2016-01-28 15:52:34.710903
vrc-btc:	21.9140344 | 0.00011506 : 0.00012103 | 18.90960345 - 2016-01-28 15:53:26.397896
nav-btc:	980.2696356 | 6.31e-06 : 7.14e-06 | 10000.0 - 2016-01-28 15:53:29.834128
xst-btc:	947.22427795 | 7.54e-06 : 7.88e-06 | 85.34148632 - 2016-01-28 15:52:34.826069
--------------------
Exchange BTC-e info:
eur-usd:	25.37632019 | 1.07866 : 1.08435 | 36.31127659 - 2016-01-28 15:53:31.473164
ppc-btc:	50.19374549 | 0.00116 : 0.00117 | 1996.77444051 - 2016-01-28 15:53:23.418957
btc-usd:	0.01109481 | 384.141 : 384.191 | 0.81637021 - 2016-01-28 15:53:31.616559
ltc-eur:	2.68615 | 2.884 : 2.916 | 284.53986809 - 2016-01-28 15:53:30.436172
ltc-usd:	447.46019213 | 3.127 : 3.136934 | 179.15473176 - 2016-01-28 15:53:31.584529
nvc-btc:	501.0066914 | 0.0019 : 0.00191 | 685.10743721 - 2016-01-28 15:53:07.580983
nmc-btc:	525.18659932 | 0.00106 : 0.00107 | 98.217091 - 2016-01-28 15:53:23.278614
ppc-usd:	0.18445942 | 0.446 : 0.447 | 3.33879376 - 2016-01-28 15:53:23.423960
btc-eur:	1.3491251 | 353.22004 : 355.99 | 0.097 - 2016-01-28 15:53:31.414009
ltc-btc:	3.45618851 | 0.00811 : 0.00812 | 12282.5263034 - 2016-01-28 15:53:31.578524
nmc-usd:	3.909 | 0.413 : 0.414 | 98.11887391 - 2016-01-28 15:53:23.578173
--------------------
Exchange Coins-E info:
cinni-btc:	0.0165 | 1e-05 : None | None - 2016-01-28 15:52:35.021592
xbot-btc:	2.0 | 3e-08 : None | None - 2016-01-28 15:52:35.037619
bsy-btc:	None | None : 8e-05 | 1000.0 - 2016-01-28 15:52:34.992477
xcash-btc:	22.16666666 | 3e-08 : None | None - 2016-01-28 15:52:35.017570
mec-btc:	199.9369868 | 5.01e-06 : 0.00015999 | 0.06291868 - 2016-01-28 15:52:35.036617
xc-btc:	None | None : None | None - 2016-01-28 15:52:35.039607
acoin-btc:	897.7934068 | 3e-08 : 3.9e-05 | 0.10394166 - 2016-01-28 15:52:35.022574
maryj-btc:	100.0 | 4.21e-06 : 5.3e-06 | 124.65515875 - 2016-01-28 15:52:35.003563
glyph-btc:	10.0 | 2.001e-05 : None | None - 2016-01-28 15:52:35.014568
rox-btc:	None | None : None | None - 2016-01-28 15:52:35.011568
bqc-btc:	None | None : 5.9e-06 | 2096.48964561 - 2016-01-28 15:52:35.013567
ftc-btc:	25000.0 | 2e-06 : 1.5e-05 | 2285.49898505 - 2016-01-28 15:52:35.019591
net-btc:	None | None : 2.28e-06 | 557.82646645 - 2016-01-28 15:52:35.022574
tech-btc:	2000.0 | 5e-08 : None | None - 2016-01-28 15:52:35.002564
trc-btc:	10000.0 | 4.2e-06 : 1e-05 | 0.00230844 - 2016-01-28 15:52:35.057623
crypt-btc:	9997.5 | 2e-08 : None | None - 2016-01-28 15:52:35.054621
vault-btc:	None | None : 1.03 | 5e-05 - 2016-01-28 15:52:34.996556
cgb-btc:	100.0 | 5.5e-07 : 0.001 | 2009.98 - 2016-01-28 15:52:35.011568
ripo-btc:	None | None : 5e-07 | 0.1997 - 2016-01-28 15:52:35.032605
naut-btc:	0.1 | 8.001e-05 : 0.00102334 | 5.0 - 2016-01-28 15:52:35.053617
zet-btc:	0.96575717 | 3.51e-06 : 6e-06 | 684.55672964 - 2016-01-28 15:52:35.039607
ifc-ltc:	196418.0 | 1.21e-06 : 1.89e-06 | 845497.37037038 - 2016-01-28 15:52:35.035607
drk-btc:	0.011 | 0.0075 : 0.01 | 5.04494 - 2016-01-28 15:52:35.071632
fire-btc:	None | None : None | None - 2016-01-28 15:52:35.035607
wdc-btc:	8953.02989959 | 1.27e-05 : 2e-05 | 248.5002 - 2016-01-28 15:52:35.046612
cmc-btc:	None | None : None | None - 2016-01-28 15:52:35.042612
anc-btc:	125.17678527 | 0.00065 : 0.0008 | 99.85 - 2016-01-28 15:52:35.069640
flt-btc:	100.0 | 3e-08 : None | None - 2016-01-28 15:52:35.064630
dgc-btc:	None | None : 2.899e-05 | 585.121 - 2016-01-28 15:52:35.070631
pts-btc:	150.0 | 0.00012 : 0.0122 | 0.00495755 - 2016-01-28 15:52:35.063627
voot-btc:	None | None : None | None - 2016-01-28 15:52:35.065625
ltc-btc:	0.05381288 | 0.0077 : 0.01399989 | 0.36779785 - 2016-01-28 15:52:35.062625
max-btc:	1111.626132 | 1e-05 : 4e-05 | 625.55 - 2016-01-28 15:52:35.069640
qrk-btc:	23000.0 | 3e-08 : 9.4e-06 | 47706.423 - 2016-01-28 15:52:35.077636
ppc-btc:	8.56535915 | 0.00020243 : 0.0018 | 79.14247591 - 2016-01-28 15:52:35.082640
min-btc:	10000.0 | 1e-06 : None | None - 2016-01-28 15:52:35.019591
burn-btc:	410.0 | 2.99e-05 : None | None - 2016-01-28 15:52:35.036617
orb-btc:	30.0 | 5.909e-05 : 6e-05 | 1.0118396 - 2016-01-28 15:52:35.072642
xpm-btc:	11.39122667 | 0.00017204 : 0.0002 | 208.48057368 - 2016-01-28 15:52:35.078637
carbon-btc:	None | None : 2e-08 | 928156.0 - 2016-01-28 15:52:35.061626
red-ltc:	None | None : None | None - 2016-01-28 15:52:35.074644
hal-btc:	None | None : 1.1e-05 | 0.009985 - 2016-01-28 15:52:35.071632
dtc-btc:	70.0 | 1.022e-05 : 0.000135 | 25.0 - 2016-01-28 15:52:35.070631
neos-btc:	None | None : 2.4e-05 | 0.65372202 - 2016-01-28 15:52:35.043611
doge-btc:	11982.0 | 5e-07 : 9e-07 | 5415.87820174 - 2016-01-28 15:52:35.060624
nvc-btc:	1.886881 | 0.00015002 : 0.00275 | 41.64793175 - 2016-01-28 15:52:35.051634
vrc-btc:	159.65486335 | 3.2e-05 : None | None - 2016-01-28 15:52:35.072642
aur-btc:	49.61266352 | 5e-05 : 8e-05 | 10.0 - 2016-01-28 15:52:35.081639
rzr-btc:	512.0 | 4.01e-06 : 1.453e-05 | 130.64760725 - 2016-01-28 15:52:35.133963
tac-btc:	32000.0 | 6e-08 : 4.44 | 0.05433103 - 2016-01-28 15:52:35.063627
ppc-xpm:	22.92983941 | 1.96418002 : 5.14229 | 51.4229 - 2016-01-28 15:52:35.070631
doge-ltc:	1611.5014 | 2.41e-05 : 7.9e-05 | 5000.0 - 2016-01-28 15:52:35.133963
cloak-btc:	None | None : None | None - 2016-01-28 15:52:35.137983
bc-btc:	305.0 | 3.054e-05 : 0.0010025 | 50.0 - 2016-01-28 15:52:35.140968
bc-drk:	None | None : None | None - None
--------------------
Exchange HitBTC info:
doge-btc:	302000.0 | 9.45e-07 : 1.014e-06 | 2000.0 - 2016-01-28 15:53:31.407018
bcn-btc:	99300.0 | 8.2e-08 : 8.3e-08 | 586200.0 - 2016-01-28 15:53:05.580596
btc-usd:	0.01 | 393.1 : 395.01 | 0.25 - 2016-01-28 15:53:30.771310
btc-eur:	0.34 | 362.85 : 365.57 | 0.19 - 2016-01-28 15:53:30.359115
--------------------
Exchange Kraken info:
--------------------
Exchange OKCoin info:
btc-usd:	11.281 | 380.61 : 380.84 | 0.347 - 2016-01-28 15:53:31.524369
ltc-usd:	20.0 | 3.082 : 3.099 | 303.0 - 2016-01-28 15:53:26.115610
--------------------
Exchange Poloniex info:
btc-arch:	None | None : None | None - None
btc-btcd:	None | None : None | None - None
btc-naut:	None | None : None | None - None
btc-ltc:	None | None : None | None - None
btc-nobl:	None | None : None | None - None
btc-xcr:	None | None : None | None - None
btc-uro:	None | None : None | None - None
btc-doge:	None | None : None | None - None
btc-nxt:	None | None : None | None - None
btc-xmr:	None | None : None | None - None
btc-cure:	None | None : None | None - None
btc-wdc:	None | None : None | None - None
btc-xdn:	None | None : None | None - None
btc-nbt:	None | None : None | None - None
btc-unity:	None | None : None | None - None
btc-sync:	None | None : None | None - None
btc-fibre:	None | None : None | None - None
btc-myr:	None | None : None | None - None
btc-xc:	None | None : None | None - None
btc-rdd:	None | None : None | None - None
btc-qtl:	None | None : None | None - None
btc-bits:	None | None : None | None - None
btc-mmc:	None | None : None | None - None
btc-bbr:	None | None : None | None - None
btc-qora:	None | None : None | None - None
btc-pts:	None | None : None | None - None
btc-cyc:	None | None : None | None - None
btc-bcn:	None | None : None | None - None
btc-burst:	None | None : None | None - None
btc-pot:	None | None : None | None - None
btc-vtc:	None | None : None | None - None
btc-nav:	None | None : None | None - None
btc-xst:	None | None : None | None - None
btc-xch:	None | None : None | None - None
btc-rby:	None | None : None | None - None
btc-str:	None | None : None | None - None
btc-xcp:	None | None : None | None - None
btc-mint:	None | None : None | None - None
btc-sdc:	None | None : None | None - None
btc-xpm:	None | None : None | None - None
btc-neos:	None | None : None | None - None
btc-flt:	None | None : None | None - None
btc-vrc:	None | None : None | None - None
btc-btm:	None | None : None | None - None
btc-nmc:	None | None : None | None - None
btc-via:	None | None : None | None - None
btc-c2:	None | None : None | None - None
btc-ppc:	None | None : None | None - None
btc-xcn:	None | None : None | None - None
--------------------
2016-01-28 15:55:48,845 INFO 
Exchange OKCoin info:
ltc-usd:	20.0 | 3.082 : 3.097 | 200.0 - 2016-01-28 15:55:48.601153
btc-usd:	7.219 | 380.61 : 380.84 | 0.093 - 2016-01-28 15:55:48.805668
--------------------
2016-01-28 15:56:11,002 INFO 
#################################################
#################################################
Exchange Bitfinex info:
ltc-usd:	53.0001 | 3.078 : 3.1071 | 44.669 - 2016-01-28 15:56:06.315901
ltc-btc:	12.0 | 0.008098 : 0.008138 | 86.34417322 - 2016-01-28 15:56:09.350851
btc-usd:	6.5612 | 380.28 : 380.51 | 6.5558 - 2016-01-28 15:56:08.825460
--------------------
Exchange Bittrex info:
rdd-btc:	5284.8348875 | 6e-08 : 7e-08 | 176325931.60138088 - 2016-01-28 15:55:31.763170
neos-btc:	661.78264815 | 2.46e-06 : 2.56e-06 | 842.38244832 - 2016-01-28 15:56:03.709508
crypt-btc:	0.49698714 | 1.886e-05 : 1.889e-05 | 1144.27024461 - 2016-01-28 15:55:31.835270
xdn-btc:	11768.06214771 | 2.2e-07 : 2.5e-07 | 46064.49592556 - 2016-01-28 15:55:31.760184
vrc-btc:	21.9140344 | 0.00011506 : 0.00012102 | 18.97484097 - 2016-01-28 15:56:10.256289
sdc-btc:	20.39545952 | 0.00024583 : 0.0002553 | 24.72275532 - 2016-01-28 15:56:05.658808
nav-btc:	1582.27848101 | 6.32e-06 : 7.13e-06 | 948.04298342 - 2016-01-28 15:56:09.075867
xmr-btc:	36.46862704 | 0.00148095 : 0.00154747 | 85.46900502 - 2016-01-28 15:56:10.474841
burst-btc:	284818.5475 | 1.5e-07 : 1.6e-07 | 189602.37436462 - 2016-01-28 15:55:31.824257
sfr-btc:	8510.63829787 | 9.4e-07 : 1.2e-06 | 461.07793139 - 2016-01-28 15:55:31.749159
doge-btc:	6921615.84921313 | 1.03e-06 : 1.04e-06 | 752.35583871 - 2016-01-28 15:56:10.226228
fibre-btc:	325.34051369 | 6.132e-05 : 7.798e-05 | 20.35011872 - 2016-01-28 15:55:31.761167
vtc-btc:	1179.115452 | 0.000175 : 0.00018405 | 60.92275968 - 2016-01-28 15:56:05.752031
ltc-btc:	19.83453 | 0.0080883 : 0.0081 | 0.92914325 - 2016-01-28 15:56:09.940751
mec-btc:	13.16468 | 6.45e-05 : 6.453e-05 | 63.50000001 - 2016-01-28 15:56:05.479511
btcd-btc:	4.65030145 | 0.00220004 : 0.00239485 | 29.45831886 - 2016-01-28 15:56:06.726943
rby-btc:	150.02484219 | 0.00027098 : 0.000271 | 1349.09990721 - 2016-01-28 15:55:31.916471
xcp-btc:	9.30897912 | 0.00180277 : 0.00199995 | 23.12192778 - 2016-01-28 15:55:57.355042
qtl-btc:	34.08028 | 3.121e-05 : 3.265e-05 | 153.111 - 2016-01-28 15:55:37.438630
dgc-btc:	1091.8864438 | 5.953e-05 : 6.454e-05 | 81.8090789 - 2016-01-28 15:56:09.753544
ppc-btc:	442.98197758 | 0.00118 : 0.00118013 | 0.84631184 - 2016-01-28 15:56:10.947670
dtc-btc:	24.23764692 | 4.827e-05 : 5.34e-05 | 97.0718816 - 2016-01-28 15:55:31.795191
myr-btc:	421958.99435165 | 1.3e-07 : 1.5e-07 | 3767.91727511 - 2016-01-28 15:55:31.792190
bits-btc:	2721.53015899 | 5.03e-06 : 7e-06 | 335.3801 - 2016-01-28 15:55:31.756165
max-btc:	45.93353148 | 3.701e-05 : 3.89e-05 | 416.36105772 - 2016-01-28 15:56:04.266517
net-btc:	87849.89838333 | 6.3e-07 : 6.4e-07 | 10000.0 - 2016-01-28 15:55:31.738135
xst-btc:	947.22427795 | 7.54e-06 : 7.88e-06 | 86.31047061 - 2016-01-28 15:55:31.771173
xc-btc:	207.10841867 | 4.169e-05 : 5.538e-05 | 415.27872658 - 2016-01-28 15:55:31.818260
maryj-btc:	2015.11335012 | 3.97e-06 : 4.15e-06 | 59.12408784 - 2016-01-28 15:55:54.004228
arch-btc:	2617.79526926 | 6.03e-06 : 6.29e-06 | 2793.88356392 - 2016-01-28 15:55:31.879376
bbr-btc:	284.78980859 | 2.207e-05 : 2.486e-05 | 145.12471655 - 2016-01-28 15:55:31.791188
nbt-btc:	0.19456376 | 0.00262298 : 0.00262837 | 0.53630441 - 2016-01-28 15:55:31.733133
pxi-btc:	3287.19300481 | 3.8e-06 : 3.82e-06 | 3013.88605062 - 2016-01-28 15:55:31.787186
naut-btc:	434.94072121 | 0.00011645 : 0.00011646 | 55.8131548 - 2016-01-28 15:56:05.518538
orb-btc:	9.84630871 | 7.102e-05 : 7.103e-05 | 3.97817859 - 2016-01-28 15:56:10.569977
ftc-btc:	91.68118304 | 1.003e-05 : 1.024e-05 | 995.54653526 - 2016-01-28 15:55:31.840274
pot-btc:	1123.98709764 | 1.28e-06 : 1.39e-06 | 475.36597315 - 2016-01-28 15:56:04.734337
nxt-btc:	3604.077749 | 2.5e-05 : 2.553e-05 | 31.65354483 - 2016-01-28 15:56:09.018801
utc-btc:	3960.78433333 | 2.25e-06 : 2.64e-06 | 868.72147736 - 2016-01-28 15:55:31.797192
ssd-btc:	9236.0603125 | 2.16e-06 : 2.52e-06 | 3300.17495733 - 2016-01-28 15:55:50.753031
cloak-btc:	786.78188536 | 0.00016165 : 0.00017 | 150.0 - 2016-01-28 15:55:31.790188
cure-btc:	173.66211111 | 1.89e-05 : 1.92e-05 | 1.82853462 - 2016-01-28 15:55:31.806202
ccn-btc:	168.09484105 | 4.005e-05 : 5.993e-05 | 173.92120887 - 2016-01-28 15:55:31.804197
via-btc:	27.212658 | 9.88e-06 : 9.9e-06 | 949.85291854 - 2016-01-28 15:56:03.599906
uro-btc:	68.77927144 | 2.421e-05 : 2.637e-05 | 148.09922593 - 2016-01-28 15:55:59.633886
aur-btc:	10.83130319 | 9.191e-05 : 9.341e-05 | 6.96771883 - 2016-01-28 15:55:31.778178
--------------------
Exchange BTC-e info:
nvc-btc:	498.74583004 | 0.0019 : 0.00191 | 473.40353218 - 2016-01-28 15:55:39.408611
ppc-usd:	3.53634611 | 0.442 : 0.446 | 50.0 - 2016-01-28 15:56:03.465551
ltc-btc:	3.45618851 | 0.00811 : 0.00812 | 12141.19254469 - 2016-01-28 15:56:09.602179
btc-eur:	2.34171444 | 353.25003 : 355.99 | 0.097 - 2016-01-28 15:56:10.462812
btc-usd:	18.54844034 | 384.191 : 384.821 | 0.39 - 2016-01-28 15:56:09.723422
nmc-usd:	71.0 | 0.413 : 0.417 | 298.63713777 - 2016-01-28 15:56:09.584167
eur-usd:	15.2 | 1.07866 : 1.08434 | 0.1 - 2016-01-28 15:56:04.439856
ltc-usd:	398.87054307 | 3.127 : 3.133 | 71.97513973 - 2016-01-28 15:56:09.261308
nmc-btc:	71.07107107 | 0.00107 : 0.00108 | 293.93106884 - 2016-01-28 15:56:09.311639
ltc-eur:	0.87690807 | 2.884 : 2.916 | 71.90316459 - 2016-01-28 15:56:10.442798
ppc-btc:	3.52927342 | 0.00116 : 0.00117 | 1996.81769363 - 2016-01-28 15:56:07.400703
--------------------
Exchange Coins-E info:
acoin-btc:	897.7934068 | 3e-08 : 3.9e-05 | 0.10394166 - 2016-01-28 15:55:32.125949
ifc-ltc:	196418.0 | 1.21e-06 : 1.89e-06 | 845497.37037038 - 2016-01-28 15:55:32.177012
anc-btc:	125.17678527 | 0.00065 : 0.0008 | 99.85 - 2016-01-28 15:55:32.125949
neos-btc:	None | None : 2.4e-05 | 0.65372202 - 2016-01-28 15:55:32.121947
red-ltc:	None | None : None | None - 2016-01-28 15:55:32.124948
bqc-btc:	None | None : 5.9e-06 | 2096.48964561 - 2016-01-28 15:55:32.132975
min-btc:	10000.0 | 1e-06 : None | None - 2016-01-28 15:55:32.155991
vault-btc:	None | None : 1.03 | 5e-05 - 2016-01-28 15:55:32.133975
mec-btc:	199.9369868 | 5.01e-06 : 0.00015999 | 0.06291868 - 2016-01-28 15:55:32.171008
dgc-btc:	None | None : 2.899e-05 | 585.121 - 2016-01-28 15:55:32.125949
crypt-btc:	9997.5 | 2e-08 : None | None - 2016-01-28 15:55:32.116944
xcash-btc:	22.16666666 | 3e-08 : None | None - 2016-01-28 15:55:32.172009
max-btc:	1111.626132 | 1e-05 : 4e-05 | 625.55 - 2016-01-28 15:55:32.124948
drk-btc:	0.011 | 0.0075 : 0.01 | 5.04494 - 2016-01-28 15:55:32.133975
vrc-btc:	159.65486335 | 3.2e-05 : None | None - 2016-01-28 15:55:32.139990
net-btc:	None | None : 2.28e-06 | 557.82646645 - 2016-01-28 15:55:32.151988
xc-btc:	None | None : None | None - 2016-01-28 15:55:32.133975
fire-btc:	None | None : None | None - 2016-01-28 15:55:32.133975
tac-btc:	32000.0 | 6e-08 : 4.44 | 0.05433103 - 2016-01-28 15:55:32.115943
cmc-btc:	None | None : None | None - 2016-01-28 15:55:32.168005
maryj-btc:	100.0 | 4.21e-06 : 5.3e-06 | 124.65515875 - 2016-01-28 15:55:32.152990
rox-btc:	None | None : None | None - 2016-01-28 15:55:32.153990
bc-btc:	305.0 | 3.054e-05 : 0.0010025 | 50.0 - 2016-01-28 15:55:32.144984
naut-btc:	0.1 | 8.001e-05 : 0.00102334 | 5.0 - 2016-01-28 15:55:32.174010
ppc-btc:	8.56535915 | 0.00020243 : 0.0018 | 79.14247591 - 2016-01-28 15:55:32.156992
trc-btc:	10000.0 | 4.2e-06 : 1e-05 | 0.00230844 - 2016-01-28 15:55:32.173008
flt-btc:	100.0 | 3e-08 : None | None - 2016-01-28 15:55:32.149987
ftc-btc:	25000.0 | 2e-06 : 1.5e-05 | 2285.49898505 - 2016-01-28 15:55:32.170007
rzr-btc:	512.0 | 4.01e-06 : 1.453e-05 | 130.64760725 - 2016-01-28 15:55:32.124948
tech-btc:	2000.0 | 5e-08 : None | None - 2016-01-28 15:55:32.149987
qrk-btc:	23000.0 | 3e-08 : 9.4e-06 | 47706.423 - 2016-01-28 15:55:32.148990
nvc-btc:	1.886881 | 0.00015002 : 0.00275 | 41.64793175 - 2016-01-28 15:55:32.174010
ltc-btc:	0.05381288 | 0.0077 : 0.01399989 | 0.36779785 - 2016-01-28 15:55:32.150987
orb-btc:	30.0 | 5.909e-05 : 6e-05 | 1.0118396 - 2016-01-28 15:55:32.154991
glyph-btc:	10.0 | 2.001e-05 : None | None - 2016-01-28 15:55:32.150987
zet-btc:	0.96575717 | 3.51e-06 : 6e-06 | 684.55672964 - 2016-01-28 15:55:32.175011
cgb-btc:	100.0 | 5.5e-07 : 0.001 | 2009.98 - 2016-01-28 15:55:32.174010
bsy-btc:	None | None : 8e-05 | 1000.0 - 2016-01-28 15:55:32.193058
aur-btc:	49.61266352 | 5e-05 : 8e-05 | 10.0 - 2016-01-28 15:55:32.174010
xbot-btc:	2.0 | 3e-08 : None | None - 2016-01-28 15:55:32.171008
wdc-btc:	8953.02989959 | 1.27e-05 : 2e-05 | 248.5002 - 2016-01-28 15:55:32.190055
pts-btc:	150.0 | 0.00012 : 0.0122 | 0.00495755 - 2016-01-28 15:55:32.169006
voot-btc:	None | None : None | None - 2016-01-28 15:55:32.174010
xpm-btc:	11.39122667 | 0.00017204 : 0.0002 | 208.48057368 - 2016-01-28 15:55:32.153990
ppc-xpm:	22.92983941 | 1.96418002 : 5.14229 | 51.4229 - 2016-01-28 15:55:32.191066
cloak-btc:	None | None : None | None - 2016-01-28 15:55:32.120949
doge-btc:	11982.0 | 5e-07 : 9e-07 | 5415.87820174 - 2016-01-28 15:55:32.201083
carbon-btc:	None | None : 2e-08 | 928156.0 - 2016-01-28 15:55:32.191066
cinni-btc:	0.0165 | 1e-05 : None | None - 2016-01-28 15:55:32.166004
burn-btc:	410.0 | 2.99e-05 : None | None - 2016-01-28 15:55:32.200084
dtc-btc:	70.0 | 1.022e-05 : 0.000135 | 25.0 - 2016-01-28 15:55:32.152990
ripo-btc:	None | None : 5e-07 | 0.1997 - 2016-01-28 15:55:32.175011
hal-btc:	None | None : 1.1e-05 | 0.009985 - 2016-01-28 15:55:32.192057
bc-drk:	None | None : None | None - None
doge-ltc:	1611.5014 | 2.41e-05 : 7.9e-05 | 5000.0 - 2016-01-28 15:55:32.206101
--------------------
Exchange HitBTC info:
btc-eur:	0.34 | 362.85 : 365.42 | 0.19 - 2016-01-28 15:56:10.456809
btc-usd:	0.01 | 393.1 : 394.41 | 0.89 - 2016-01-28 15:56:10.821324
bcn-btc:	97300.0 | 8.2e-08 : 8.3e-08 | 586200.0 - 2016-01-28 15:55:32.634656
doge-btc:	302000.0 | 9.45e-07 : 1.056e-06 | 7000.0 - 2016-01-28 15:56:07.823234
--------------------
Exchange OKCoin info:
ltc-usd:	20.0 | 3.082 : 3.097 | 200.0 - 2016-01-28 15:55:48.601153
btc-usd:	0.51 | 380.62 : 380.86 | 0.1 - 2016-01-28 15:56:10.974748
--------------------
Exchange Poloniex info:
btc-burst:	None | None : None | None - None
btc-vrc:	None | None : None | None - None
btc-xst:	None | None : None | None - None
btc-btm:	None | None : None | None - None
btc-nobl:	None | None : None | None - None
btc-doge:	None | None : None | None - None
btc-fibre:	None | None : None | None - None
btc-vtc:	None | None : None | None - None
btc-cyc:	None | None : None | None - None
btc-str:	None | None : None | None - None
btc-neos:	None | None : None | None - None
btc-qora:	None | None : None | None - None
btc-flt:	None | None : None | None - None
btc-qtl:	None | None : None | None - None
btc-ppc:	None | None : None | None - None
btc-rby:	None | None : None | None - None
btc-pot:	None | None : None | None - None
btc-nxt:	None | None : None | None - None
btc-sdc:	None | None : None | None - None
btc-sync:	None | None : None | None - None
btc-nmc:	None | None : None | None - None
btc-naut:	None | None : None | None - None
btc-mint:	None | None : None | None - None
btc-bbr:	None | None : None | None - None
btc-xpm:	None | None : None | None - None
btc-xcn:	None | None : None | None - None
btc-rdd:	None | None : None | None - None
btc-uro:	None | None : None | None - None
btc-pts:	None | None : None | None - None
btc-xcp:	None | None : None | None - None
btc-bits:	None | None : None | None - None
btc-xc:	None | None : None | None - None
btc-xch:	None | None : None | None - None
btc-mmc:	None | None : None | None - None
btc-cure:	None | None : None | None - None
btc-btcd:	None | None : None | None - None
btc-nbt:	None | None : None | None - None
btc-nav:	None | None : None | None - None
btc-ltc:	None | None : None | None - None
btc-unity:	None | None : None | None - None
btc-xcr:	None | None : None | None - None
btc-arch:	None | None : None | None - None
btc-xdn:	None | None : None | None - None
btc-bcn:	None | None : None | None - None
btc-wdc:	None | None : None | None - None
btc-via:	None | None : None | None - None
btc-myr:	None | None : None | None - None
btc-xmr:	None | None : None | None - None
btc-c2:	None | None : None | None - None
--------------------
2016-01-28 15:57:27,276 INFO 
#################################################
#################################################
Exchange Bitfinex info:
ltc-usd:	53.0001 | 3.078 : 3.1052 | 17.7451 - 2016-01-28 15:57:26.393685
btc-usd:	0.0490684 | 380.34 : 380.53 | 0.25874225 - 2016-01-28 15:57:25.967834
ltc-btc:	12.0 | 0.008098 : 0.008148 | 80.05 - 2016-01-28 15:57:21.913070
--------------------
Exchange Bittrex info:
ftc-btc:	2806.95418326 | 1.004e-05 : 1.024e-05 | 995.54653526 - 2016-01-28 15:57:16.093500
mec-btc:	13.16468 | 6.45e-05 : 6.453e-05 | 63.50000001 - 2016-01-28 15:57:24.119190
net-btc:	87849.89838333 | 6.3e-07 : 6.4e-07 | 10000.0 - 2016-01-28 15:57:15.996414
naut-btc:	494.7637342 | 0.00011645 : 0.00011646 | 55.8131548 - 2016-01-28 15:57:21.719853
fibre-btc:	325.34051369 | 6.132e-05 : 7.798e-05 | 20.35011872 - 2016-01-28 15:57:18.312237
bits-btc:	2721.49485688 | 5.03e-06 : 7e-06 | 335.3801 - 2016-01-28 15:57:15.992412
ltc-btc:	62.84036405 | 0.00808856 : 0.0081 | 0.92914325 - 2016-01-28 15:57:21.605681
dgc-btc:	1100.28557029 | 5.953e-05 : 6.454e-05 | 81.8090789 - 2016-01-28 15:57:16.001423
myr-btc:	421958.99435165 | 1.3e-07 : 1.5e-07 | 3767.91727511 - 2016-01-28 15:57:15.923273
pxi-btc:	3287.19300481 | 3.8e-06 : 3.82e-06 | 3013.88605062 - 2016-01-28 15:57:15.975403
nav-btc:	4125.10940932 | 6.32e-06 : 7.13e-06 | 3490.4749398 - 2016-01-28 15:57:15.921269
dtc-btc:	24.23764692 | 4.827e-05 : 5.342e-05 | 394.30449069 - 2016-01-28 15:57:16.501173
btcd-btc:	4.65030145 | 0.00220004 : 0.00239476 | 7.75347684 - 2016-01-28 15:57:23.130783
cure-btc:	173.66211111 | 1.89e-05 : 1.92e-05 | 1.82853462 - 2016-01-28 15:57:15.898253
neos-btc:	1696.1725477 | 2.37e-06 : 2.46e-06 | 440.93669271 - 2016-01-28 15:57:16.063477
sdc-btc:	20.39545952 | 0.00024583 : 0.0002553 | 24.72275532 - 2016-01-28 15:57:15.894249
utc-btc:	3960.78433333 | 2.25e-06 : 2.64e-06 | 868.72147736 - 2016-01-28 15:57:15.897252
crypt-btc:	0.49698714 | 1.886e-05 : 1.889e-05 | 1144.27024461 - 2016-01-28 15:57:16.053455
nxt-btc:	3604.077749 | 2.5e-05 : 2.553e-05 | 75.15828685 - 2016-01-28 15:57:22.391884
arch-btc:	2617.79526926 | 6.03e-06 : 6.29e-06 | 2793.88356392 - 2016-01-28 15:57:15.947316
doge-btc:	9866.99029126 | 1.03e-06 : 1.07e-06 | 921318.65939516 - 2016-01-28 15:57:21.479489
xmr-btc:	1.18168988 | 0.00148093 : 0.00154622 | 285.46900502 - 2016-01-28 15:57:23.218905
ccn-btc:	168.09040735 | 4.005e-05 : 5.993e-05 | 173.92417182 - 2016-01-28 15:57:16.055457
vrc-btc:	20.86948247 | 0.00011804 : 0.00012102 | 19.00282028 - 2016-01-28 15:57:24.601790
ssd-btc:	9236.0603125 | 2.16e-06 : 2.52e-06 | 3301.03623333 - 2016-01-28 15:57:15.872114
xdn-btc:	4560.0415155 | 2.3e-07 : 2.5e-07 | 46064.49592556 - 2016-01-28 15:57:16.012438
bbr-btc:	284.78980859 | 2.207e-05 : 2.486e-05 | 145.12471655 - 2016-01-28 15:57:16.058458
sfr-btc:	8510.63829787 | 9.4e-07 : 1.2e-06 | 461.07793139 - 2016-01-28 15:57:16.588235
aur-btc:	10.83130319 | 9.191e-05 : 9.341e-05 | 6.96771883 - 2016-01-28 15:57:16.018443
rby-btc:	150.02484219 | 0.00027098 : 0.000271 | 1349.09990721 - 2016-01-28 15:57:16.041459
maryj-btc:	2015.11335012 | 3.97e-06 : 4.15e-06 | 59.12408784 - 2016-01-28 15:57:16.577227
rdd-btc:	5284.8348875 | 6e-08 : 7e-08 | 176398083.17378512 - 2016-01-28 15:57:15.895249
pot-btc:	2168.0639477 | 1.28e-06 : 1.39e-06 | 476.92742317 - 2016-01-28 15:57:15.933282
xc-btc:	207.02719884 | 4.169e-05 : 5.537e-05 | 20.82899396 - 2016-01-28 15:57:16.550228
orb-btc:	10.06546423 | 7.103e-05 : 8.283e-05 | 40.4221141 - 2016-01-28 15:57:16.014427
vtc-btc:	1083.03190345 | 0.000175 : 0.00018405 | 60.92275968 - 2016-01-28 15:57:16.099505
xcp-btc:	9.30897912 | 0.00180277 : 0.00199995 | 23.12192778 - 2016-01-28 15:57:15.874116
max-btc:	45.93353148 | 3.701e-05 : 3.89e-05 | 416.36105772 - 2016-01-28 15:57:26.950494
qtl-btc:	34.08028 | 3.121e-05 : 3.265e-05 | 153.111 - 2016-01-28 15:57:15.980423
nbt-btc:	0.19456376 | 0.00262298 : 0.00262837 | 0.53630441 - 2016-01-28 15:57:15.871114
burst-btc:	284818.5475 | 1.5e-07 : 1.6e-07 | 189602.37436462 - 2016-01-28 15:57:16.035462
cloak-btc:	786.78188536 | 0.00016165 : 0.00017 | 150.0 - 2016-01-28 15:57:16.075471
via-btc:	27.212658 | 9.88e-06 : 9.9e-06 | 949.85291854 - 2016-01-28 15:57:16.136530
uro-btc:	68.72905916 | 2.421e-05 : 2.637e-05 | 148.18153217 - 2016-01-28 15:57:16.709500
ppc-btc:	444.95106421 | 0.001175 : 0.00118013 | 0.84631184 - 2016-01-28 15:57:26.628084
xst-btc:	947.22427795 | 7.54e-06 : 7.88e-06 | 86.58590405 - 2016-01-28 15:57:21.190064
--------------------
Exchange BTC-e info:
ppc-btc:	1.47583599 | 0.00116 : 0.00117 | 1996.81769363 - 2016-01-28 15:57:25.463098
btc-usd:	0.27 | 384.192 : 384.471 | 0.011047 - 2016-01-28 15:57:25.436077
nvc-btc:	498.74583004 | 0.0019 : 0.00191 | 473.40353218 - 2016-01-28 15:57:15.774672
nmc-btc:	71.07107107 | 0.00107 : 0.00108 | 293.93106884 - 2016-01-28 15:57:23.291965
nmc-usd:	71.0 | 0.413 : 0.414 | 0.1 - 2016-01-28 15:57:16.554211
ltc-eur:	0.87690807 | 2.884 : 2.916 | 71.90316459 - 2016-01-28 15:57:17.648982
btc-eur:	0.2004008 | 353.22 : 355.99 | 0.097 - 2016-01-28 15:57:26.345491
ppc-usd:	1.47879358 | 0.442 : 0.446 | 50.0 - 2016-01-28 15:57:25.281849
ltc-usd:	398.87054307 | 3.127 : 3.132999 | 26.5945177 - 2016-01-28 15:57:26.301387
eur-usd:	15.2 | 1.07866 : 1.08435 | 31.45551659 - 2016-01-28 15:57:16.569221
ltc-btc:	3.45618851 | 0.00811 : 0.00812 | 12136.17254469 - 2016-01-28 15:57:25.424070
--------------------
Exchange Coins-E info:
ftc-btc:	25000.0 | 2e-06 : 1.5e-05 | 2285.49898505 - 2016-01-28 15:57:16.298353
vault-btc:	None | None : 1.03 | 5e-05 - 2016-01-28 15:57:16.275337
mec-btc:	199.9369868 | 5.01e-06 : 0.00015999 | 0.06291868 - 2016-01-28 15:57:16.320371
red-ltc:	None | None : None | None - 2016-01-28 15:57:16.277338
net-btc:	None | None : 2.28e-06 | 557.82646645 - 2016-01-28 15:57:16.277338
hal-btc:	None | None : 1.1e-05 | 0.009985 - 2016-01-28 15:57:16.284345
naut-btc:	0.1 | 8.001e-05 : 0.00102334 | 5.0 - 2016-01-28 15:57:16.247328
vrc-btc:	159.65486335 | 3.2e-05 : None | None - 2016-01-28 15:57:16.248317
neos-btc:	None | None : 2.4e-05 | 0.65372202 - 2016-01-28 15:57:16.252320
maryj-btc:	100.0 | 4.21e-06 : 5.3e-06 | 124.65515875 - 2016-01-28 15:57:16.285343
cinni-btc:	0.0165 | 1e-05 : None | None - 2016-01-28 15:57:16.284345
tech-btc:	2000.0 | 5e-08 : None | None - 2016-01-28 15:57:16.300355
nvc-btc:	1.886881 | 0.00015002 : 0.00275 | 41.64793175 - 2016-01-28 15:57:16.254324
dgc-btc:	None | None : 2.899e-05 | 585.121 - 2016-01-28 15:57:16.259327
cgb-btc:	100.0 | 5.5e-07 : 0.001 | 2009.98 - 2016-01-28 15:57:16.324375
fire-btc:	None | None : None | None - 2016-01-28 15:57:16.269332
glyph-btc:	10.0 | 2.001e-05 : None | None - 2016-01-28 15:57:16.322370
aur-btc:	49.61266352 | 5e-05 : 8e-05 | 10.0 - 2016-01-28 15:57:16.276340
min-btc:	10000.0 | 1e-06 : None | None - 2016-01-28 15:57:16.296351
ripo-btc:	None | None : 5e-07 | 0.1997 - 2016-01-28 15:57:16.246318
ifc-ltc:	196418.0 | 1.21e-06 : 1.89e-06 | 845497.37037038 - 2016-01-28 15:57:16.319368
wdc-btc:	8953.02989959 | 1.27e-05 : 2e-05 | 248.5002 - 2016-01-28 15:57:16.315364
bqc-btc:	None | None : 5.9e-06 | 2096.48964561 - 2016-01-28 15:57:16.320371
anc-btc:	125.17678527 | 0.00065 : 0.0008 | 99.85 - 2016-01-28 15:57:16.310363
rox-btc:	None | None : None | None - 2016-01-28 15:57:16.295351
rzr-btc:	512.0 | 4.01e-06 : 1.453e-05 | 130.64760725 - 2016-01-28 15:57:16.253324
doge-ltc:	1611.5014 | 2.41e-05 : 7.9e-05 | 5000.0 - 2016-01-28 15:57:16.299355
dtc-btc:	70.0 | 1.022e-05 : 0.000135 | 25.0 - 2016-01-28 15:57:16.311364
xpm-btc:	11.39122667 | 0.00017204 : 0.0002 | 208.48057368 - 2016-01-28 15:57:16.331376
ppc-xpm:	22.92983941 | 1.96418002 : 5.14229 | 51.4229 - 2016-01-28 15:57:16.266333
xbot-btc:	2.0 | 3e-08 : None | None - 2016-01-28 15:57:16.309361
trc-btc:	10000.0 | 4.2e-06 : 1e-05 | 0.00230844 - 2016-01-28 15:57:16.290347
acoin-btc:	897.7934068 | 3e-08 : 3.9e-05 | 0.10394166 - 2016-01-28 15:57:16.289348
cmc-btc:	None | None : None | None - 2016-01-28 15:57:16.314366
max-btc:	1111.626132 | 1e-05 : 4e-05 | 625.55 - 2016-01-28 15:57:16.330411
drk-btc:	0.011 | 0.0075 : 0.01 | 5.04494 - 2016-01-28 15:57:16.271334
burn-btc:	410.0 | 2.99e-05 : None | None - 2016-01-28 15:57:16.307359
xc-btc:	None | None : None | None - 2016-01-28 15:57:16.260326
bsy-btc:	None | None : 8e-05 | 1000.0 - 2016-01-28 15:57:16.318367
carbon-btc:	None | None : 2e-08 | 928156.0 - 2016-01-28 15:57:16.272337
ltc-btc:	0.05381288 | 0.0077 : 0.01399989 | 0.36779785 - 2016-01-28 15:57:16.313364
flt-btc:	100.0 | 3e-08 : None | None - 2016-01-28 15:57:16.269332
crypt-btc:	9997.5 | 2e-08 : None | None - 2016-01-28 15:57:16.312364
pts-btc:	150.0 | 0.00012 : 0.0122 | 0.00495755 - 2016-01-28 15:57:16.314366
cloak-btc:	None | None : None | None - 2016-01-28 15:57:16.328387
voot-btc:	None | None : None | None - 2016-01-28 15:57:16.297352
tac-btc:	32000.0 | 6e-08 : 4.44 | 0.05433103 - 2016-01-28 15:57:16.316365
xcash-btc:	22.16666666 | 3e-08 : None | None - 2016-01-28 15:57:16.326373
qrk-btc:	23000.0 | 3e-08 : 9.4e-06 | 47706.423 - 2016-01-28 15:57:16.325392
bc-drk:	None | None : None | None - None
doge-btc:	11982.0 | 5e-07 : 9e-07 | 5415.87820174 - 2016-01-28 15:57:16.294352
orb-btc:	30.0 | 5.909e-05 : 6e-05 | 1.0118396 - 2016-01-28 15:57:16.321370
zet-btc:	0.96575717 | 3.51e-06 : 6e-06 | 684.55672964 - 2016-01-28 15:57:16.323374
ppc-btc:	8.56535915 | 0.00020243 : 0.0018 | 79.14247591 - 2016-01-28 15:57:16.265329
bc-btc:	305.0 | 3.054e-05 : 0.0010025 | 50.0 - 2016-01-28 15:57:16.331376
--------------------
Exchange HitBTC info:
btc-usd:	0.01 | 393.1 : 395.01 | 0.25 - 2016-01-28 15:57:26.107976
bcn-btc:	97300.0 | 8.2e-08 : 8.3e-08 | 589900.0 - 2016-01-28 15:57:23.441181
btc-eur:	0.34 | 362.85 : 365.8 | 0.19 - 2016-01-28 15:57:26.341476
doge-btc:	14000.0 | 9.5e-07 : 1.056e-06 | 6000.0 - 2016-01-28 15:57:20.709259
--------------------
Exchange OKCoin info:
ltc-usd:	20.0 | 3.082 : 3.093 | 32.9 - 2016-01-28 15:57:15.764594
btc-usd:	5.682 | 380.61 : 380.84 | 0.2 - 2016-01-28 15:57:26.649145
--------------------
2016-01-28 15:57:32,900 INFO 
#################################################
#################################################
Exchange Bitfinex info:
ltc-usd:	53.0001 | 3.078 : 3.1052 | 21.7472 - 2016-01-28 15:57:31.333855
btc-usd:	6.5959684 | 380.34 : 380.53 | 0.25874225 - 2016-01-28 15:57:32.133070
ltc-btc:	12.0 | 0.008098 : 0.008148 | 80.05 - 2016-01-28 15:57:21.913070
--------------------
Exchange Bittrex info:
ftc-btc:	2806.95418326 | 1.004e-05 : 1.024e-05 | 995.54653526 - 2016-01-28 15:57:16.093500
mec-btc:	13.16468 | 6.45e-05 : 6.453e-05 | 63.50000001 - 2016-01-28 15:57:31.655526
net-btc:	87849.89838333 | 6.3e-07 : 6.4e-07 | 10000.0 - 2016-01-28 15:57:15.996414
naut-btc:	501.01233865 | 0.00011645 : 0.00011646 | 55.8131548 - 2016-01-28 15:57:30.478031
fibre-btc:	325.34051369 | 6.132e-05 : 7.798e-05 | 20.35011872 - 2016-01-28 15:57:18.312237
bits-btc:	2721.49485688 | 5.03e-06 : 7e-06 | 335.3801 - 2016-01-28 15:57:15.992412
ltc-btc:	62.84036405 | 0.00808856 : 0.0081 | 0.92914325 - 2016-01-28 15:57:21.605681
dgc-btc:	1100.28557029 | 5.953e-05 : 6.454e-05 | 81.8090789 - 2016-01-28 15:57:16.001423
myr-btc:	421958.99435165 | 1.3e-07 : 1.5e-07 | 3767.91727511 - 2016-01-28 15:57:15.923273
pxi-btc:	3287.19300481 | 3.8e-06 : 3.82e-06 | 3013.88605062 - 2016-01-28 15:57:15.975403
nav-btc:	4125.10940932 | 6.32e-06 : 7.13e-06 | 3490.4749398 - 2016-01-28 15:57:15.921269
dtc-btc:	24.23764692 | 4.827e-05 : 5.342e-05 | 394.30449069 - 2016-01-28 15:57:16.501173
btcd-btc:	4.65030145 | 0.00220004 : 0.00239476 | 7.75347684 - 2016-01-28 15:57:32.603702
cure-btc:	173.66211111 | 1.89e-05 : 1.92e-05 | 1.82853462 - 2016-01-28 15:57:15.898253
neos-btc:	1696.1725477 | 2.37e-06 : 2.46e-06 | 440.93669271 - 2016-01-28 15:57:16.063477
sdc-btc:	20.39545952 | 0.00024583 : 0.0002553 | 24.72275532 - 2016-01-28 15:57:15.894249
utc-btc:	3960.78433333 | 2.25e-06 : 2.64e-06 | 868.72147736 - 2016-01-28 15:57:15.897252
crypt-btc:	0.49698714 | 1.886e-05 : 1.889e-05 | 1144.27024461 - 2016-01-28 15:57:16.053455
nxt-btc:	3604.077749 | 2.5e-05 : 2.553e-05 | 75.15828685 - 2016-01-28 15:57:22.391884
arch-btc:	2617.79526926 | 6.03e-06 : 6.29e-06 | 2793.88356392 - 2016-01-28 15:57:15.947316
doge-btc:	9866.99029126 | 1.03e-06 : 1.07e-06 | 980475.78151522 - 2016-01-28 15:57:31.710584
xmr-btc:	106.03401157 | 0.00148098 : 0.00154588 | 253.56067521 - 2016-01-28 15:57:32.830141
ccn-btc:	168.09040735 | 4.005e-05 : 5.993e-05 | 173.92417182 - 2016-01-28 15:57:16.055457
vrc-btc:	20.86948247 | 0.00011804 : 0.00012102 | 19.00282028 - 2016-01-28 15:57:32.046893
ssd-btc:	9236.0603125 | 2.16e-06 : 2.52e-06 | 3301.03623333 - 2016-01-28 15:57:32.530609
xdn-btc:	4560.0415155 | 2.3e-07 : 2.5e-07 | 46064.49592556 - 2016-01-28 15:57:16.012438
bbr-btc:	284.78980859 | 2.207e-05 : 2.486e-05 | 145.12471655 - 2016-01-28 15:57:16.058458
sfr-btc:	8510.63829787 | 9.4e-07 : 1.2e-06 | 461.07793139 - 2016-01-28 15:57:16.588235
aur-btc:	10.83130319 | 9.191e-05 : 9.341e-05 | 6.96771883 - 2016-01-28 15:57:16.018443
rby-btc:	150.02484219 | 0.00027098 : 0.000271 | 1349.09990721 - 2016-01-28 15:57:31.699576
maryj-btc:	2015.11335012 | 3.97e-06 : 4.15e-06 | 59.12408784 - 2016-01-28 15:57:16.577227
rdd-btc:	5284.8348875 | 6e-08 : 7e-08 | 176398083.17378512 - 2016-01-28 15:57:15.895249
pot-btc:	2168.0639477 | 1.28e-06 : 1.39e-06 | 476.92742317 - 2016-01-28 15:57:15.933282
xc-btc:	207.02719884 | 4.169e-05 : 5.537e-05 | 20.82899396 - 2016-01-28 15:57:16.550228
orb-btc:	10.06546423 | 7.103e-05 : 8.283e-05 | 40.4221141 - 2016-01-28 15:57:16.014427
vtc-btc:	1083.03190345 | 0.000175 : 0.00018405 | 60.92275968 - 2016-01-28 15:57:31.134600
xcp-btc:	9.30897912 | 0.00180277 : 0.00199995 | 23.12192778 - 2016-01-28 15:57:15.874116
max-btc:	45.93353148 | 3.701e-05 : 3.89e-05 | 416.36105772 - 2016-01-28 15:57:26.950494
qtl-btc:	34.08028 | 3.121e-05 : 3.265e-05 | 153.111 - 2016-01-28 15:57:15.980423
nbt-btc:	0.19456376 | 0.00262298 : 0.00262837 | 0.53630441 - 2016-01-28 15:57:15.871114
burst-btc:	284818.5475 | 1.5e-07 : 1.6e-07 | 189602.37436462 - 2016-01-28 15:57:16.035462
cloak-btc:	786.78188536 | 0.00016165 : 0.00017 | 150.0 - 2016-01-28 15:57:16.075471
via-btc:	27.212658 | 9.88e-06 : 9.9e-06 | 949.85291854 - 2016-01-28 15:57:16.136530
uro-btc:	68.72905916 | 2.421e-05 : 2.637e-05 | 148.18153217 - 2016-01-28 15:57:16.709500
ppc-btc:	444.95106421 | 0.001175 : 0.00118013 | 0.84631184 - 2016-01-28 15:57:32.071952
xst-btc:	947.22427795 | 7.54e-06 : 7.88e-06 | 86.58590405 - 2016-01-28 15:57:21.190064
--------------------
Exchange BTC-e info:
ppc-btc:	93.23614715 | 0.00116 : 0.00117 | 1995.2445661 - 2016-01-28 15:57:32.161110
btc-usd:	18.48902034 | 384.191 : 384.378 | 0.011038 - 2016-01-28 15:57:32.489583
nvc-btc:	498.74583004 | 0.0019 : 0.00191 | 473.40353218 - 2016-01-28 15:57:15.774672
nmc-btc:	71.07107107 | 0.00107 : 0.00108 | 293.93106884 - 2016-01-28 15:57:31.779665
nmc-usd:	71.0 | 0.413 : 0.414 | 0.1 - 2016-01-28 15:57:31.423005
ltc-eur:	0.87690807 | 2.884 : 2.916 | 71.90316459 - 2016-01-28 15:57:32.444550
btc-eur:	1.34912518 | 353.22002 : 355.99 | 0.097 - 2016-01-28 15:57:32.389509
ppc-usd:	94.3353252 | 0.442 : 0.446 | 50.0 - 2016-01-28 15:57:31.411009
ltc-usd:	398.87054307 | 3.127 : 3.132999 | 26.5945177 - 2016-01-28 15:57:32.308388
eur-usd:	15.2 | 1.07866 : 1.08435 | 31.45551659 - 2016-01-28 15:57:16.569221
ltc-btc:	3.45618851 | 0.00811 : 0.00812 | 12136.17254469 - 2016-01-28 15:57:31.426008
--------------------
Exchange Coins-E info:
ftc-btc:	25000.0 | 2e-06 : 1.5e-05 | 2285.49898505 - 2016-01-28 15:57:16.298353
vault-btc:	None | None : 1.03 | 5e-05 - 2016-01-28 15:57:16.275337
mec-btc:	199.9369868 | 5.01e-06 : 0.00015999 | 0.06291868 - 2016-01-28 15:57:16.320371
red-ltc:	None | None : None | None - 2016-01-28 15:57:16.277338
net-btc:	None | None : 2.28e-06 | 557.82646645 - 2016-01-28 15:57:16.277338
hal-btc:	None | None : 1.1e-05 | 0.009985 - 2016-01-28 15:57:16.284345
naut-btc:	0.1 | 8.001e-05 : 0.00102334 | 5.0 - 2016-01-28 15:57:16.247328
vrc-btc:	159.65486335 | 3.2e-05 : None | None - 2016-01-28 15:57:16.248317
neos-btc:	None | None : 2.4e-05 | 0.65372202 - 2016-01-28 15:57:16.252320
maryj-btc:	100.0 | 4.21e-06 : 5.3e-06 | 124.65515875 - 2016-01-28 15:57:16.285343
cinni-btc:	0.0165 | 1e-05 : None | None - 2016-01-28 15:57:16.284345
tech-btc:	2000.0 | 5e-08 : None | None - 2016-01-28 15:57:16.300355
nvc-btc:	1.886881 | 0.00015002 : 0.00275 | 41.64793175 - 2016-01-28 15:57:16.254324
dgc-btc:	None | None : 2.899e-05 | 585.121 - 2016-01-28 15:57:16.259327
cgb-btc:	100.0 | 5.5e-07 : 0.001 | 2009.98 - 2016-01-28 15:57:16.324375
fire-btc:	None | None : None | None - 2016-01-28 15:57:16.269332
glyph-btc:	10.0 | 2.001e-05 : None | None - 2016-01-28 15:57:16.322370
aur-btc:	49.61266352 | 5e-05 : 8e-05 | 10.0 - 2016-01-28 15:57:16.276340
min-btc:	10000.0 | 1e-06 : None | None - 2016-01-28 15:57:16.296351
ripo-btc:	None | None : 5e-07 | 0.1997 - 2016-01-28 15:57:16.246318
ifc-ltc:	196418.0 | 1.21e-06 : 1.89e-06 | 845497.37037038 - 2016-01-28 15:57:16.319368
wdc-btc:	8953.02989959 | 1.27e-05 : 2e-05 | 248.5002 - 2016-01-28 15:57:16.315364
bqc-btc:	None | None : 5.9e-06 | 2096.48964561 - 2016-01-28 15:57:16.320371
anc-btc:	125.17678527 | 0.00065 : 0.0008 | 99.85 - 2016-01-28 15:57:16.310363
rox-btc:	None | None : None | None - 2016-01-28 15:57:16.295351
rzr-btc:	512.0 | 4.01e-06 : 1.453e-05 | 130.64760725 - 2016-01-28 15:57:16.253324
doge-ltc:	1611.5014 | 2.41e-05 : 7.9e-05 | 5000.0 - 2016-01-28 15:57:16.299355
dtc-btc:	70.0 | 1.022e-05 : 0.000135 | 25.0 - 2016-01-28 15:57:16.311364
xpm-btc:	11.39122667 | 0.00017204 : 0.0002 | 208.48057368 - 2016-01-28 15:57:16.331376
ppc-xpm:	22.92983941 | 1.96418002 : 5.14229 | 51.4229 - 2016-01-28 15:57:16.266333
xbot-btc:	2.0 | 3e-08 : None | None - 2016-01-28 15:57:16.309361
trc-btc:	10000.0 | 4.2e-06 : 1e-05 | 0.00230844 - 2016-01-28 15:57:16.290347
acoin-btc:	897.7934068 | 3e-08 : 3.9e-05 | 0.10394166 - 2016-01-28 15:57:16.289348
cmc-btc:	None | None : None | None - 2016-01-28 15:57:16.314366
max-btc:	1111.626132 | 1e-05 : 4e-05 | 625.55 - 2016-01-28 15:57:16.330411
drk-btc:	0.011 | 0.0075 : 0.01 | 5.04494 - 2016-01-28 15:57:16.271334
burn-btc:	410.0 | 2.99e-05 : None | None - 2016-01-28 15:57:16.307359
xc-btc:	None | None : None | None - 2016-01-28 15:57:16.260326
bsy-btc:	None | None : 8e-05 | 1000.0 - 2016-01-28 15:57:16.318367
carbon-btc:	None | None : 2e-08 | 928156.0 - 2016-01-28 15:57:16.272337
ltc-btc:	0.05381288 | 0.0077 : 0.01399989 | 0.36779785 - 2016-01-28 15:57:16.313364
flt-btc:	100.0 | 3e-08 : None | None - 2016-01-28 15:57:16.269332
crypt-btc:	9997.5 | 2e-08 : None | None - 2016-01-28 15:57:16.312364
pts-btc:	150.0 | 0.00012 : 0.0122 | 0.00495755 - 2016-01-28 15:57:16.314366
cloak-btc:	None | None : None | None - 2016-01-28 15:57:16.328387
voot-btc:	None | None : None | None - 2016-01-28 15:57:16.297352
tac-btc:	32000.0 | 6e-08 : 4.44 | 0.05433103 - 2016-01-28 15:57:16.316365
xcash-btc:	22.16666666 | 3e-08 : None | None - 2016-01-28 15:57:16.326373
qrk-btc:	23000.0 | 3e-08 : 9.4e-06 | 47706.423 - 2016-01-28 15:57:16.325392
bc-drk:	None | None : None | None - None
doge-btc:	11982.0 | 5e-07 : 9e-07 | 5415.87820174 - 2016-01-28 15:57:16.294352
orb-btc:	30.0 | 5.909e-05 : 6e-05 | 1.0118396 - 2016-01-28 15:57:16.321370
zet-btc:	0.96575717 | 3.51e-06 : 6e-06 | 684.55672964 - 2016-01-28 15:57:16.323374
ppc-btc:	8.56535915 | 0.00020243 : 0.0018 | 79.14247591 - 2016-01-28 15:57:16.265329
bc-btc:	305.0 | 3.054e-05 : 0.0010025 | 50.0 - 2016-01-28 15:57:16.331376
--------------------
Exchange HitBTC info:
btc-usd:	0.01 | 393.1 : 395.01 | 0.25 - 2016-01-28 15:57:32.732040
bcn-btc:	97300.0 | 8.2e-08 : 8.3e-08 | 589900.0 - 2016-01-28 15:57:23.441181
btc-eur:	0.34 | 362.85 : 365.8 | 0.19 - 2016-01-28 15:57:31.587247
doge-btc:	14000.0 | 9.5e-07 : 1.056e-06 | 6000.0 - 2016-01-28 15:57:20.709259
--------------------
Exchange OKCoin info:
ltc-usd:	20.0 | 3.082 : 3.093 | 32.9 - 2016-01-28 15:57:15.764594
btc-usd:	5.739 | 380.61 : 380.83 | 0.25 - 2016-01-28 15:57:32.820134
--------------------
2016-01-28 16:08:47,065 INFO 
Exchange HitBTC info:
btc-usd:	0.01 | 392.51 : 395.01 | 0.25 - 2016-01-28 16:08:42.041498
doge-btc:	180000.0 | 9.55e-07 : 1.035e-06 | 5000.0 - 2016-01-28 16:08:31.512756
bcn-btc:	5000.0 | 8.3e-08 : 8.4e-08 | 45100.0 - 2016-01-28 16:08:34.006554
btc-eur:	0.33 | 362.99 : 366.34 | 0.01 - 2016-01-28 16:08:41.887822
--------------------
2016-01-28 16:10:01,762 INFO 
Exchange HitBTC info:
bcn-btc:	5000.0 | 8.3e-08 : 8.4e-08 | 45100.0 - 2016-01-28 16:09:47.452833
btc-usd:	0.01 | 392.51 : 395.01 | 0.25 - 2016-01-28 16:09:58.462614
doge-btc:	180000.0 | 9.55e-07 : 1.035e-06 | 5000.0 - 2016-01-28 16:10:01.432563
btc-eur:	0.33 | 362.99 : 366.41 | 0.01 - 2016-01-28 16:09:47.538154
--------------------
2016-01-28 16:10:19,948 INFO 
#################################################
#################################################
Exchange Bitfinex info:
ltc-usd:	24.60882606 | 3.0787 : 3.1088 | 8.240061 - 2016-01-28 16:10:19.191021
ltc-btc:	4.09 | 0.008102 : 0.008149 | 9.94417322 - 2016-01-28 16:10:19.350380
btc-usd:	0.25854825 | 380.89 : 380.97 | 6.4755 - 2016-01-28 16:10:17.584192
--------------------
Exchange Bittrex info:
xcp-btc:	14.46540883 | 0.00180282 : 0.00199992 | 1.73152989 - 2016-01-28 16:09:47.327455
orb-btc:	7.01984483 | 7.105e-05 : 8.188e-05 | 40.4221141 - 2016-01-28 16:09:52.589796
bbr-btc:	283.13550056 | 2.207e-05 : 2.486e-05 | 145.12471655 - 2016-01-28 16:09:46.603898
bits-btc:	2696.7638202 | 5.04e-06 : 7e-06 | 300.0 - 2016-01-28 16:09:51.678300
ftc-btc:	500.0 | 1.006e-05 : 1.02e-05 | 550.0 - 2016-01-28 16:09:46.660939
ltc-btc:	7.23612039 | 0.00812595 : 0.00815702 | 9.94417322 - 2016-01-28 16:10:19.366391
aur-btc:	10.53408157 | 9.192e-05 : 9.342e-05 | 7.1383274 - 2016-01-28 16:09:46.610903
cloak-btc:	786.68455352 | 0.00016167 : 0.00017 | 150.0 - 2016-01-28 16:10:07.973954
vtc-btc:	4.35502204 | 0.00017502 : 0.00017952 | 71.89439155 - 2016-01-28 16:10:16.803279
max-btc:	82.04241342 | 3.7e-05 : 3.889e-05 | 417.08825024 - 2016-01-28 16:10:17.770450
net-btc:	87849.89838333 | 6.3e-07 : 6.4e-07 | 10000.0 - 2016-01-28 16:09:46.576879
doge-btc:	1470131.99349356 | 1e-06 : 1.01e-06 | 490854.69052333 - 2016-01-28 16:10:19.292317
maryj-btc:	2015.11335012 | 3.97e-06 : 4.15e-06 | 59.12408784 - 2016-01-28 16:09:46.625914
ccn-btc:	167.02795417 | 4.005e-05 : 5.993e-05 | 174.63418768 - 2016-01-28 16:10:02.654447
dgc-btc:	1090.3945397 | 6.007e-05 : 6.819e-05 | 15.03645146 - 2016-01-28 16:10:13.508030
xmr-btc:	26.55366389 | 0.00148018 : 0.00153597 | 85.46900502 - 2016-01-28 16:10:19.367391
qtl-btc:	22.4442443 | 3.027e-05 : 3.263e-05 | 153.111 - 2016-01-28 16:09:46.676950
mec-btc:	54.80432692 | 5.901e-05 : 6.451e-05 | 137.97800001 - 2016-01-28 16:10:14.604098
ppc-btc:	7.78034008 | 0.00115007 : 0.00118013 | 0.84631184 - 2016-01-28 16:10:18.856221
pot-btc:	1260.05090157 | 1.3e-06 : 1.38e-06 | 366.77018544 - 2016-01-28 16:10:08.674542
burst-btc:	295071.451 | 1.5e-07 : 1.6e-07 | 189602.37436462 - 2016-01-28 16:09:46.654934
fibre-btc:	325.34051369 | 6.132e-05 : 7.798e-05 | 20.35011872 - 2016-01-28 16:10:14.981848
btcd-btc:	4.2587566 | 0.0024 : 0.00240227 | 4.20019209 - 2016-01-28 16:09:46.820134
nbt-btc:	0.19216764 | 0.00262298 : 0.00262837 | 0.53630441 - 2016-01-28 16:09:46.663941
rdd-btc:	5284.8348875 | 6e-08 : 7e-08 | 176325931.60138088 - 2016-01-28 16:09:46.611904
sfr-btc:	8510.63829787 | 9.4e-07 : 1.2e-06 | 461.07793139 - 2016-01-28 16:09:47.295433
utc-btc:	3960.78433333 | 2.25e-06 : 2.64e-06 | 868.72147736 - 2016-01-28 16:09:46.703969
naut-btc:	563.41560121 | 0.00011645 : 0.00011646 | 72.9864332 - 2016-01-28 16:10:06.415199
nav-btc:	1876.17260788 | 5.5e-06 : 7.07e-06 | 1582.27848101 - 2016-01-28 16:10:15.683180
sdc-btc:	20.39545952 | 0.00024583 : 0.0002553 | 24.72275532 - 2016-01-28 16:10:11.956340
pxi-btc:	3287.19300481 | 3.8e-06 : 3.82e-06 | 3013.88605062 - 2016-01-28 16:09:46.711981
via-btc:	2449.18377371 | 9.89e-06 : 1.034e-05 | 789.56618926 - 2016-01-28 16:10:14.796399
ssd-btc:	9151.32581422 | 2.18e-06 : 2.52e-06 | 1065.83485956 - 2016-01-28 16:09:46.606900
vrc-btc:	14.40067768 | 0.00011805 : 0.00012101 | 19.28892372 - 2016-01-28 16:10:19.311331
dtc-btc:	23.99180753 | 4.827e-05 : 5.332e-05 | 97.0718816 - 2016-01-28 16:10:16.112572
uro-btc:	68.20644769 | 2.421e-05 : 2.637e-05 | 149.36687758 - 2016-01-28 16:09:47.281433
rby-btc:	150.02484219 | 0.00027098 : 0.000271 | 1349.09990721 - 2016-01-28 16:09:46.740001
nxt-btc:	19.99200319 | 2.501e-05 : 2.561e-05 | 1340.22831293 - 2016-01-28 16:10:13.595118
cure-btc:	173.66211111 | 1.89e-05 : 1.92e-05 | 1.82853462 - 2016-01-28 16:10:11.442265
crypt-btc:	0.49698714 | 1.886e-05 : 1.889e-05 | 1144.27024461 - 2016-01-28 16:09:46.632919
neos-btc:	325.6629815 | 2.38e-06 : 2.46e-06 | 440.93669271 - 2016-01-28 16:09:46.797116
xst-btc:	947.22427795 | 7.54e-06 : 7.88e-06 | 89.75501573 - 2016-01-28 16:09:46.655935
arch-btc:	10251.71278607 | 6.03e-06 : 6.27e-06 | 1996.90423165 - 2016-01-28 16:10:14.939795
xdn-btc:	4451.46499332 | 2.3e-07 : 2.5e-07 | 46064.49592556 - 2016-01-28 16:09:47.231205
myr-btc:	421958.99435165 | 1.3e-07 : 1.5e-07 | 3767.91727511 - 2016-01-28 16:09:46.697965
xc-btc:	359.7122302 | 4.17e-05 : 5.536e-05 | 435.25076573 - 2016-01-28 16:09:46.657937
--------------------
Exchange BTC-e info:
ltc-usd:	389.6870208 | 3.127 : 3.132 | 29.2450017 - 2016-01-28 16:10:19.901734
ltc-btc:	8.25618851 | 0.00811 : 0.00812 | 12122.43114911 - 2016-01-28 16:10:19.437667
btc-usd:	11.5490398 | 385.174 : 385.387 | 0.29416206 - 2016-01-28 16:10:19.897732
nvc-btc:	1.25082811 | 0.00189 : 0.00193 | 546.69555219 - 2016-01-28 16:10:19.908766
ppc-btc:	219.0696064 | 0.00115 : 0.00117 | 1997.87066527 - 2016-01-28 16:10:19.436667
ppc-usd:	63.41143267 | 0.447 : 0.448 | 8.99771832 - 2016-01-28 16:10:19.431663
ltc-eur:	0.87690807 | 2.884 : 2.918 | 41.4003589 - 2016-01-28 16:10:12.399980
nmc-usd:	71.0 | 0.413 : 0.415 | 77.07510165 - 2016-01-28 16:10:19.449710
btc-eur:	0.01463 | 354.81449 : 358.58966 | 1.34956183 - 2016-01-28 16:10:19.575583
eur-usd:	14.21 | 1.07866 : 1.0843 | 79.0 - 2016-01-28 16:10:19.451714
nmc-btc:	637.36902412 | 0.00106 : 0.00107 | 77.25781352 - 2016-01-28 16:10:17.328661
--------------------
Exchange Coins-E info:
burn-btc:	410.0 | 2.99e-05 : None | None - 2016-01-28 16:09:47.073904
aur-btc:	49.61266352 | 5e-05 : 8e-05 | 10.0 - 2016-01-28 16:09:47.021788
bqc-btc:	None | None : 5.9e-06 | 2096.48964561 - 2016-01-28 16:09:47.079897
qrk-btc:	23000.0 | 3e-08 : 9.4e-06 | 47706.423 - 2016-01-28 16:09:47.015774
xbot-btc:	2.0 | 3e-08 : None | None - 2016-01-28 16:09:46.976708
drk-btc:	0.011 | 0.0075 : 0.01 | 5.04494 - 2016-01-28 16:09:47.002763
naut-btc:	0.1 | 8.001e-05 : 0.00102334 | 5.0 - 2016-01-28 16:09:47.009768
zet-btc:	0.96575717 | 3.51e-06 : 6e-06 | 684.55672964 - 2016-01-28 16:09:47.030795
bsy-btc:	None | None : 8e-05 | 1000.0 - 2016-01-28 16:09:47.086902
anc-btc:	125.17678527 | 0.00065 : 0.0008 | 99.85 - 2016-01-28 16:09:47.588465
rox-btc:	None | None : None | None - 2016-01-28 16:09:47.042805
trc-btc:	10000.0 | 4.2e-06 : 1e-05 | 0.00230844 - 2016-01-28 16:09:47.018776
orb-btc:	30.0 | 5.909e-05 : 6e-05 | 1.0118396 - 2016-01-28 16:09:47.029795
mec-btc:	199.9369868 | 5.01e-06 : 0.00015999 | 0.06291868 - 2016-01-28 16:09:47.041803
carbon-btc:	None | None : 2e-08 | 928156.0 - 2016-01-28 16:09:48.511957
neos-btc:	None | None : 2.4e-05 | 0.65372202 - 2016-01-28 16:09:47.030795
cmc-btc:	None | None : None | None - 2016-01-28 16:09:47.016775
ftc-btc:	25000.0 | 2e-06 : 1.5e-05 | 2285.49898505 - 2016-01-28 16:09:46.974706
doge-ltc:	1611.5014 | 2.41e-05 : 7.9e-05 | 5000.0 - 2016-01-28 16:09:46.967702
dtc-btc:	70.0 | 1.022e-05 : 0.000135 | 25.0 - 2016-01-28 16:09:47.012772
flt-btc:	100.0 | 3e-08 : None | None - 2016-01-28 16:09:47.023789
pts-btc:	150.0 | 0.00012 : 0.0122 | 0.00495755 - 2016-01-28 16:09:47.015774
dgc-btc:	None | None : 2.899e-05 | 585.121 - 2016-01-28 16:09:47.026791
cloak-btc:	None | None : None | None - 2016-01-28 16:09:49.709727
red-ltc:	None | None : None | None - 2016-01-28 16:09:47.011770
ripo-btc:	None | None : 5e-07 | 0.1997 - 2016-01-28 16:09:47.594419
ltc-btc:	0.05381288 | 0.0077 : 0.01399989 | 0.36779785 - 2016-01-28 16:09:47.039807
tech-btc:	2000.0 | 5e-08 : None | None - 2016-01-28 16:09:47.001764
fire-btc:	None | None : None | None - 2016-01-28 16:09:47.022790
min-btc:	10000.0 | 1e-06 : None | None - 2016-01-28 16:09:48.503942
rzr-btc:	512.0 | 4.01e-06 : 1.453e-05 | 130.64760725 - 2016-01-28 16:09:47.011770
ppc-xpm:	22.92983941 | 1.96418002 : 5.14229 | 51.4229 - 2016-01-28 16:09:47.022790
max-btc:	1111.626132 | 1e-05 : 4e-05 | 625.55 - 2016-01-28 16:09:47.594419
wdc-btc:	8953.02989959 | 1.27e-05 : 2e-05 | 248.5002 - 2016-01-28 16:09:48.506947
crypt-btc:	9997.5 | 2e-08 : None | None - 2016-01-28 16:09:47.083911
net-btc:	None | None : 2.28e-06 | 557.82646645 - 2016-01-28 16:09:47.590427
xcash-btc:	22.16666666 | 3e-08 : None | None - 2016-01-28 16:09:48.500938
doge-btc:	11982.0 | 5e-07 : 9e-07 | 5415.87820174 - 2016-01-28 16:09:47.087903
nvc-btc:	1.886881 | 0.00015002 : 0.00275 | 41.64793175 - 2016-01-28 16:09:47.596424
maryj-btc:	100.0 | 4.21e-06 : 5.3e-06 | 124.65515875 - 2016-01-28 16:09:48.505943
bc-btc:	305.0 | 3.054e-05 : 0.0010025 | 50.0 - 2016-01-28 16:09:46.993759
glyph-btc:	10.0 | 2.001e-05 : None | None - 2016-01-28 16:09:47.081909
acoin-btc:	897.7934068 | 3e-08 : 3.9e-05 | 0.10394166 - 2016-01-28 16:09:48.508953
ifc-ltc:	196418.0 | 1.21e-06 : 1.89e-06 | 845497.37037038 - 2016-01-28 16:09:47.087903
vault-btc:	None | None : 1.03 | 5e-05 - 2016-01-28 16:09:47.591417
xc-btc:	None | None : None | None - 2016-01-28 16:09:47.085901
cgb-btc:	100.0 | 5.5e-07 : 0.001 | 2009.98 - 2016-01-28 16:09:47.590427
ppc-btc:	8.56535915 | 0.00020243 : 0.0018 | 79.14247591 - 2016-01-28 16:09:48.503942
bc-drk:	None | None : None | None - None
xpm-btc:	11.39122667 | 0.00017204 : 0.0002 | 208.48057368 - 2016-01-28 16:09:49.707693
cinni-btc:	0.0165 | 1e-05 : None | None - 2016-01-28 16:09:47.597422
hal-btc:	None | None : 1.1e-05 | 0.009985 - 2016-01-28 16:09:47.040803
voot-btc:	None | None : None | None - 2016-01-28 16:09:47.073904
vrc-btc:	159.65486335 | 3.2e-05 : None | None - 2016-01-28 16:09:48.509951
tac-btc:	32000.0 | 6e-08 : 4.44 | 0.05433103 - 2016-01-28 16:09:49.702675
--------------------
Exchange HitBTC info:
bcn-btc:	5000.0 | 8.3e-08 : 8.4e-08 | 45100.0 - 2016-01-28 16:09:47.452833
btc-usd:	0.02 | 392.51 : 395.01 | 0.25 - 2016-01-28 16:10:19.689327
doge-btc:	180000.0 | 9.55e-07 : 1.035e-06 | 5000.0 - 2016-01-28 16:10:11.767266
btc-eur:	0.33 | 362.99 : 366.41 | 0.01 - 2016-01-28 16:10:11.766275
--------------------
Exchange OKCoin info:
ltc-usd:	28.81 | 3.096 : 3.097 | 76.98 - 2016-01-28 16:10:19.287314
btc-usd:	2.767 | 382.0 : 382.01 | 2.658 - 2016-01-28 16:10:19.319337
--------------------
2016-01-28 16:18:28,697 INFO 
Exchange Bitfinex info:
ltc-usd:	5.0 | 3.1 : 3.1091 | 7.067836 - 2016-01-28 16:18:27.561424
btc-usd:	5.0 | 381.5 : 381.6 | 0.05 - 2016-01-28 16:18:27.582439
ltc-btc:	9.84 | 0.008101 : 0.008149 | 9.2433013 - 2016-01-28 16:18:27.774752
--------------------
2016-01-28 18:00:02,303 INFO 
Exchange OKCoin info:
btc-usd:	6.235 | 382.53 : 382.55 | 0.01 - 2016-01-28 18:00:00.036933
ltc-usd:	3.0 | 3.115 : 3.116 | 928.626 - 2016-01-28 18:00:00.143073
--------------------
